{"meta": {"format": 3, "version": "7.13.1", "timestamp": "2026-01-25T02:36:52.747938", "branch_coverage": false, "show_contexts": false}, "files": {"jeeves_avionics\\__init__.py": {"executed_lines": [], "summary": {"covered_lines": 0, "num_statements": 0, "percent_covered": 100.0, "percent_covered_display": "100", "missing_lines": 0, "excluded_lines": 0, "percent_statements_covered": 100.0, "percent_statements_covered_display": "100"}, "missing_lines": [], "excluded_lines": [], "functions": {"": {"executed_lines": [], "summary": {"covered_lines": 0, "num_statements": 0, "percent_covered": 100.0, "percent_covered_display": "100", "missing_lines": 0, "excluded_lines": 0, "percent_statements_covered": 100.0, "percent_statements_covered_display": "100"}, "missing_lines": [], "excluded_lines": [], "start_line": 1}}, "classes": {"": {"executed_lines": [], "summary": {"covered_lines": 0, "num_statements": 0, "percent_covered": 100.0, "percent_covered_display": "100", "missing_lines": 0, "excluded_lines": 0, "percent_statements_covered": 100.0, "percent_statements_covered_display": "100"}, "missing_lines": [], "excluded_lines": [], "start_line": 1}}}, "jeeves_avionics\\capability_registry.py": {"executed_lines": [30, 31, 33, 38, 44, 60, 66, 67, 68, 70, 103, 186, 195, 197, 205, 217, 231, 234, 244, 245, 246, 249, 262, 273], "summary": {"covered_lines": 24, "num_statements": 58, "percent_covered": 41.37931034482759, "percent_covered_display": "41", "missing_lines": 34, "excluded_lines": 2, "percent_statements_covered": 41.37931034482759, "percent_statements_covered_display": "41"}, "missing_lines": [84, 86, 88, 89, 90, 91, 93, 119, 122, 123, 124, 136, 137, 138, 139, 149, 150, 157, 158, 159, 171, 172, 173, 184, 203, 214, 215, 222, 223, 224, 259, 269, 275, 276], "excluded_lines": [40, 41], "functions": {"DomainLLMRegistry.__init__": {"executed_lines": [66, 67, 68], "summary": {"covered_lines": 3, "num_statements": 3, "percent_covered": 100.0, "percent_covered_display": "100", "missing_lines": 0, "excluded_lines": 0, "percent_statements_covered": 100.0, "percent_statements_covered_display": "100"}, "missing_lines": [], "excluded_lines": [], "start_line": 60}, "DomainLLMRegistry.register": {"executed_lines": [], "summary": {"covered_lines": 0, "num_statements": 7, "percent_covered": 0.0, "percent_covered_display": "0", "missing_lines": 7, "excluded_lines": 0, "percent_statements_covered": 0.0, "percent_statements_covered_display": "0"}, "missing_lines": [84, 86, 88, 89, 90, 91, 93], "excluded_lines": [], "start_line": 70}, "DomainLLMRegistry._apply_env_overrides": {"executed_lines": [], "summary": {"covered_lines": 0, "num_statements": 17, "percent_covered": 0.0, "percent_covered_display": "0", "missing_lines": 17, "excluded_lines": 0, "percent_statements_covered": 0.0, "percent_statements_covered_display": "0"}, "missing_lines": [119, 122, 123, 124, 136, 137, 138, 139, 149, 150, 157, 158, 159, 171, 172, 173, 184], "excluded_lines": [], "start_line": 103}, "DomainLLMRegistry.get_agent_config": {"executed_lines": [195], "summary": {"covered_lines": 1, "num_statements": 1, "percent_covered": 100.0, "percent_covered_display": "100", "missing_lines": 0, "excluded_lines": 0, "percent_statements_covered": 100.0, "percent_statements_covered_display": "100"}, "missing_lines": [], "excluded_lines": [], "start_line": 186}, "DomainLLMRegistry.list_agents": {"executed_lines": [], "summary": {"covered_lines": 0, "num_statements": 1, "percent_covered": 0.0, "percent_covered_display": "0", "missing_lines": 1, "excluded_lines": 0, "percent_statements_covered": 0.0, "percent_statements_covered_display": "0"}, "missing_lines": [203], "excluded_lines": [], "start_line": 197}, "DomainLLMRegistry.get_capability_agents": {"executed_lines": [], "summary": {"covered_lines": 0, "num_statements": 2, "percent_covered": 0.0, "percent_covered_display": "0", "missing_lines": 2, "excluded_lines": 0, "percent_statements_covered": 0.0, "percent_statements_covered_display": "0"}, "missing_lines": [214, 215], "excluded_lines": [], "start_line": 205}, "DomainLLMRegistry.clear": {"executed_lines": [], "summary": {"covered_lines": 0, "num_statements": 3, "percent_covered": 0.0, "percent_covered_display": "0", "missing_lines": 3, "excluded_lines": 0, "percent_statements_covered": 0.0, "percent_statements_covered_display": "0"}, "missing_lines": [222, 223, 224], "excluded_lines": [], "start_line": 217}, "get_capability_registry": {"executed_lines": [244, 245, 246], "summary": {"covered_lines": 3, "num_statements": 3, "percent_covered": 100.0, "percent_covered_display": "100", "missing_lines": 0, "excluded_lines": 0, "percent_statements_covered": 100.0, "percent_statements_covered_display": "100"}, "missing_lines": [], "excluded_lines": [], "start_line": 234}, "set_capability_registry": {"executed_lines": [], "summary": {"covered_lines": 0, "num_statements": 1, "percent_covered": 0.0, "percent_covered_display": "0", "missing_lines": 1, "excluded_lines": 0, "percent_statements_covered": 0.0, "percent_statements_covered_display": "0"}, "missing_lines": [259], "excluded_lines": [], "start_line": 249}, "reset_capability_registry": {"executed_lines": [], "summary": {"covered_lines": 0, "num_statements": 1, "percent_covered": 0.0, "percent_covered_display": "0", "missing_lines": 1, "excluded_lines": 0, "percent_statements_covered": 0.0, "percent_statements_covered_display": "0"}, "missing_lines": [269], "excluded_lines": [], "start_line": 262}, "_assert_protocol_compliance": {"executed_lines": [], "summary": {"covered_lines": 0, "num_statements": 2, "percent_covered": 0.0, "percent_covered_display": "0", "missing_lines": 2, "excluded_lines": 0, "percent_statements_covered": 0.0, "percent_statements_covered_display": "0"}, "missing_lines": [275, 276], "excluded_lines": [], "start_line": 273}, "": {"executed_lines": [30, 31, 33, 38, 44, 60, 70, 103, 186, 197, 205, 217, 231, 234, 249, 262, 273], "summary": {"covered_lines": 17, "num_statements": 17, "percent_covered": 100.0, "percent_covered_display": "100", "missing_lines": 0, "excluded_lines": 2, "percent_statements_covered": 100.0, "percent_statements_covered_display": "100"}, "missing_lines": [], "excluded_lines": [40, 41], "start_line": 1}}, "classes": {"DomainLLMRegistry": {"executed_lines": [66, 67, 68, 195], "summary": {"covered_lines": 4, "num_statements": 34, "percent_covered": 11.764705882352942, "percent_covered_display": "12", "missing_lines": 30, "excluded_lines": 0, "percent_statements_covered": 11.764705882352942, "percent_statements_covered_display": "12"}, "missing_lines": [84, 86, 88, 89, 90, 91, 93, 119, 122, 123, 124, 136, 137, 138, 139, 149, 150, 157, 158, 159, 171, 172, 173, 184, 203, 214, 215, 222, 223, 224], "excluded_lines": [], "start_line": 44}, "": {"executed_lines": [30, 31, 33, 38, 44, 60, 70, 103, 186, 197, 205, 217, 231, 234, 244, 245, 246, 249, 262, 273], "summary": {"covered_lines": 20, "num_statements": 24, "percent_covered": 83.33333333333333, "percent_covered_display": "83", "missing_lines": 4, "excluded_lines": 2, "percent_statements_covered": 83.33333333333333, "percent_statements_covered_display": "83"}, "missing_lines": [259, 269, 275, 276], "excluded_lines": [40, 41], "start_line": 1}}}, "jeeves_avionics\\checkpoint\\__init__.py": {"executed_lines": [], "summary": {"covered_lines": 0, "num_statements": 2, "percent_covered": 0.0, "percent_covered_display": "0", "missing_lines": 2, "excluded_lines": 0, "percent_statements_covered": 0.0, "percent_statements_covered_display": "0"}, "missing_lines": [7, 9], "excluded_lines": [], "functions": {"": {"executed_lines": [], "summary": {"covered_lines": 0, "num_statements": 2, "percent_covered": 0.0, "percent_covered_display": "0", "missing_lines": 2, "excluded_lines": 0, "percent_statements_covered": 0.0, "percent_statements_covered_display": "0"}, "missing_lines": [7, 9], "excluded_lines": [], "start_line": 1}}, "classes": {"": {"executed_lines": [], "summary": {"covered_lines": 0, "num_statements": 2, "percent_covered": 0.0, "percent_covered_display": "0", "missing_lines": 2, "excluded_lines": 0, "percent_statements_covered": 0.0, "percent_statements_covered_display": "0"}, "missing_lines": [7, 9], "excluded_lines": [], "start_line": 1}}}, "jeeves_avionics\\checkpoint\\postgres_adapter.py": {"executed_lines": [], "summary": {"covered_lines": 0, "num_statements": 61, "percent_covered": 0.0, "percent_covered_display": "0", "missing_lines": 61, "excluded_lines": 0, "percent_statements_covered": 0.0, "percent_statements_covered_display": "0"}, "missing_lines": [7, 8, 9, 10, 12, 16, 17, 20, 43, 66, 77, 78, 79, 81, 83, 84, 86, 107, 108, 111, 112, 113, 121, 122, 124, 126, 140, 148, 158, 170, 178, 179, 180, 182, 183, 185, 199, 211, 224, 238, 240, 247, 248, 250, 262, 271, 273, 274, 279, 281, 296, 304, 305, 308, 309, 312, 313, 315, 333, 335, 342], "excluded_lines": [], "functions": {"PostgresCheckpointAdapter.__init__": {"executed_lines": [], "summary": {"covered_lines": 0, "num_statements": 3, "percent_covered": 0.0, "percent_covered_display": "0", "missing_lines": 3, "excluded_lines": 0, "percent_statements_covered": 0.0, "percent_statements_covered_display": "0"}, "missing_lines": [77, 78, 79], "excluded_lines": [], "start_line": 66}, "PostgresCheckpointAdapter.initialize_schema": {"executed_lines": [], "summary": {"covered_lines": 0, "num_statements": 2, "percent_covered": 0.0, "percent_covered_display": "0", "missing_lines": 2, "excluded_lines": 0, "percent_statements_covered": 0.0, "percent_statements_covered_display": "0"}, "missing_lines": [83, 84], "excluded_lines": [], "start_line": 81}, "PostgresCheckpointAdapter.save_checkpoint": {"executed_lines": [], "summary": {"covered_lines": 0, "num_statements": 11, "percent_covered": 0.0, "percent_covered_display": "0", "missing_lines": 11, "excluded_lines": 0, "percent_statements_covered": 0.0, "percent_statements_covered_display": "0"}, "missing_lines": [107, 108, 111, 112, 113, 121, 122, 124, 126, 140, 148], "excluded_lines": [], "start_line": 86}, "PostgresCheckpointAdapter.load_checkpoint": {"executed_lines": [], "summary": {"covered_lines": 0, "num_statements": 6, "percent_covered": 0.0, "percent_covered_display": "0", "missing_lines": 6, "excluded_lines": 0, "percent_statements_covered": 0.0, "percent_statements_covered_display": "0"}, "missing_lines": [170, 178, 179, 180, 182, 183], "excluded_lines": [], "start_line": 158}, "PostgresCheckpointAdapter.list_checkpoints": {"executed_lines": [], "summary": {"covered_lines": 0, "num_statements": 2, "percent_covered": 0.0, "percent_covered_display": "0", "missing_lines": 2, "excluded_lines": 0, "percent_statements_covered": 0.0, "percent_statements_covered_display": "0"}, "missing_lines": [199, 211], "excluded_lines": [], "start_line": 185}, "PostgresCheckpointAdapter.delete_checkpoints": {"executed_lines": [], "summary": {"covered_lines": 0, "num_statements": 10, "percent_covered": 0.0, "percent_covered_display": "0", "missing_lines": 10, "excluded_lines": 0, "percent_statements_covered": 0.0, "percent_statements_covered_display": "0"}, "missing_lines": [238, 240, 247, 248, 250, 262, 271, 273, 274, 279], "excluded_lines": [], "start_line": 224}, "PostgresCheckpointAdapter.fork_from_checkpoint": {"executed_lines": [], "summary": {"covered_lines": 0, "num_statements": 11, "percent_covered": 0.0, "percent_covered_display": "0", "missing_lines": 11, "excluded_lines": 0, "percent_statements_covered": 0.0, "percent_statements_covered_display": "0"}, "missing_lines": [296, 304, 305, 308, 309, 312, 313, 315, 333, 335, 342], "excluded_lines": [], "start_line": 281}, "": {"executed_lines": [], "summary": {"covered_lines": 0, "num_statements": 16, "percent_covered": 0.0, "percent_covered_display": "0", "missing_lines": 16, "excluded_lines": 0, "percent_statements_covered": 0.0, "percent_statements_covered_display": "0"}, "missing_lines": [7, 8, 9, 10, 12, 16, 17, 20, 43, 66, 81, 86, 158, 185, 224, 281], "excluded_lines": [], "start_line": 1}}, "classes": {"PostgresCheckpointAdapter": {"executed_lines": [], "summary": {"covered_lines": 0, "num_statements": 45, "percent_covered": 0.0, "percent_covered_display": "0", "missing_lines": 45, "excluded_lines": 0, "percent_statements_covered": 0.0, "percent_statements_covered_display": "0"}, "missing_lines": [77, 78, 79, 83, 84, 107, 108, 111, 112, 113, 121, 122, 124, 126, 140, 148, 170, 178, 179, 180, 182, 183, 199, 211, 238, 240, 247, 248, 250, 262, 271, 273, 274, 279, 296, 304, 305, 308, 309, 312, 313, 315, 333, 335, 342], "excluded_lines": [], "start_line": 20}, "": {"executed_lines": [], "summary": {"covered_lines": 0, "num_statements": 16, "percent_covered": 0.0, "percent_covered_display": "0", "missing_lines": 16, "excluded_lines": 0, "percent_statements_covered": 0.0, "percent_statements_covered_display": "0"}, "missing_lines": [7, 8, 9, 10, 12, 16, 17, 20, 43, 66, 81, 86, 158, 185, 224, 281], "excluded_lines": [], "start_line": 1}}}, "jeeves_avionics\\context.py": {"executed_lines": [23, 24, 25, 27, 35, 45, 52, 56, 61, 62, 99, 100, 101, 102, 103, 106, 107, 108, 112, 115, 116, 117, 119, 156, 160, 164, 168, 174, 178, 200, 211], "summary": {"covered_lines": 31, "num_statements": 49, "percent_covered": 63.265306122448976, "percent_covered_display": "63", "missing_lines": 18, "excluded_lines": 5, "percent_statements_covered": 63.265306122448976, "percent_statements_covered_display": "63"}, "missing_lines": [54, 58, 135, 158, 162, 166, 170, 176, 188, 189, 190, 191, 192, 193, 194, 195, 196, 202], "excluded_lines": [37, 38, 39, 203, 204], "functions": {"SystemClock.now": {"executed_lines": [], "summary": {"covered_lines": 0, "num_statements": 1, "percent_covered": 0.0, "percent_covered_display": "0", "missing_lines": 1, "excluded_lines": 0, "percent_statements_covered": 0.0, "percent_statements_covered_display": "0"}, "missing_lines": [54], "excluded_lines": [], "start_line": 52}, "SystemClock.utcnow": {"executed_lines": [], "summary": {"covered_lines": 0, "num_statements": 1, "percent_covered": 0.0, "percent_covered_display": "0", "missing_lines": 1, "excluded_lines": 0, "percent_statements_covered": 0.0, "percent_statements_covered_display": "0"}, "missing_lines": [58], "excluded_lines": [], "start_line": 56}, "AppContext.with_request": {"executed_lines": [], "summary": {"covered_lines": 0, "num_statements": 1, "percent_covered": 0.0, "percent_covered_display": "0", "missing_lines": 1, "excluded_lines": 0, "percent_statements_covered": 0.0, "percent_statements_covered_display": "0"}, "missing_lines": [135], "excluded_lines": [], "start_line": 119}, "AppContext.register_vertical": {"executed_lines": [], "summary": {"covered_lines": 0, "num_statements": 1, "percent_covered": 0.0, "percent_covered_display": "0", "missing_lines": 1, "excluded_lines": 0, "percent_statements_covered": 0.0, "percent_statements_covered_display": "0"}, "missing_lines": [158], "excluded_lines": [], "start_line": 156}, "AppContext.unregister_vertical": {"executed_lines": [], "summary": {"covered_lines": 0, "num_statements": 1, "percent_covered": 0.0, "percent_covered_display": "0", "missing_lines": 1, "excluded_lines": 0, "percent_statements_covered": 0.0, "percent_statements_covered_display": "0"}, "missing_lines": [162], "excluded_lines": [], "start_line": 160}, "AppContext.is_vertical_registered": {"executed_lines": [], "summary": {"covered_lines": 0, "num_statements": 1, "percent_covered": 0.0, "percent_covered_display": "0", "missing_lines": 1, "excluded_lines": 0, "percent_statements_covered": 0.0, "percent_statements_covered_display": "0"}, "missing_lines": [166], "excluded_lines": [], "start_line": 164}, "AppContext.list_registered_verticals": {"executed_lines": [], "summary": {"covered_lines": 0, "num_statements": 1, "percent_covered": 0.0, "percent_covered_display": "0", "missing_lines": 1, "excluded_lines": 0, "percent_statements_covered": 0.0, "percent_statements_covered_display": "0"}, "missing_lines": [170], "excluded_lines": [], "start_line": 168}, "AppContext.get_context_bounds": {"executed_lines": [], "summary": {"covered_lines": 0, "num_statements": 1, "percent_covered": 0.0, "percent_covered_display": "0", "missing_lines": 1, "excluded_lines": 0, "percent_statements_covered": 0.0, "percent_statements_covered_display": "0"}, "missing_lines": [176], "excluded_lines": [], "start_line": 174}, "AppContext.get_bound_logger": {"executed_lines": [], "summary": {"covered_lines": 0, "num_statements": 9, "percent_covered": 0.0, "percent_covered_display": "0", "missing_lines": 9, "excluded_lines": 0, "percent_statements_covered": 0.0, "percent_statements_covered_display": "0"}, "missing_lines": [188, 189, 190, 191, 192, 193, 194, 195, 196], "excluded_lines": [], "start_line": 178}, "_check_protocol_compliance": {"executed_lines": [], "summary": {"covered_lines": 0, "num_statements": 1, "percent_covered": 0.0, "percent_covered_display": "0", "missing_lines": 1, "excluded_lines": 2, "percent_statements_covered": 0.0, "percent_statements_covered_display": "0"}, "missing_lines": [202], "excluded_lines": [203, 204], "start_line": 200}, "": {"executed_lines": [23, 24, 25, 27, 35, 45, 52, 56, 61, 62, 99, 100, 101, 102, 103, 106, 107, 108, 112, 115, 116, 117, 119, 156, 160, 164, 168, 174, 178, 200, 211], "summary": {"covered_lines": 31, "num_statements": 31, "percent_covered": 100.0, "percent_covered_display": "100", "missing_lines": 0, "excluded_lines": 3, "percent_statements_covered": 100.0, "percent_statements_covered_display": "100"}, "missing_lines": [], "excluded_lines": [37, 38, 39], "start_line": 1}}, "classes": {"SystemClock": {"executed_lines": [], "summary": {"covered_lines": 0, "num_statements": 2, "percent_covered": 0.0, "percent_covered_display": "0", "missing_lines": 2, "excluded_lines": 0, "percent_statements_covered": 0.0, "percent_statements_covered_display": "0"}, "missing_lines": [54, 58], "excluded_lines": [], "start_line": 45}, "AppContext": {"executed_lines": [], "summary": {"covered_lines": 0, "num_statements": 15, "percent_covered": 0.0, "percent_covered_display": "0", "missing_lines": 15, "excluded_lines": 0, "percent_statements_covered": 0.0, "percent_statements_covered_display": "0"}, "missing_lines": [135, 158, 162, 166, 170, 176, 188, 189, 190, 191, 192, 193, 194, 195, 196], "excluded_lines": [], "start_line": 62}, "": {"executed_lines": [23, 24, 25, 27, 35, 45, 52, 56, 61, 62, 99, 100, 101, 102, 103, 106, 107, 108, 112, 115, 116, 117, 119, 156, 160, 164, 168, 174, 178, 200, 211], "summary": {"covered_lines": 31, "num_statements": 32, "percent_covered": 96.875, "percent_covered_display": "97", "missing_lines": 1, "excluded_lines": 5, "percent_statements_covered": 96.875, "percent_statements_covered_display": "97"}, "missing_lines": [202], "excluded_lines": [37, 38, 39, 203, 204], "start_line": 1}}}, "jeeves_avionics\\context_bounds.py": {"executed_lines": [], "summary": {"covered_lines": 0, "num_statements": 2, "percent_covered": 0.0, "percent_covered_display": "0", "missing_lines": 2, "excluded_lines": 0, "percent_statements_covered": 0.0, "percent_statements_covered_display": "0"}, "missing_lines": [18, 20], "excluded_lines": [], "functions": {"": {"executed_lines": [], "summary": {"covered_lines": 0, "num_statements": 2, "percent_covered": 0.0, "percent_covered_display": "0", "missing_lines": 2, "excluded_lines": 0, "percent_statements_covered": 0.0, "percent_statements_covered_display": "0"}, "missing_lines": [18, 20], "excluded_lines": [], "start_line": 1}}, "classes": {"": {"executed_lines": [], "summary": {"covered_lines": 0, "num_statements": 2, "percent_covered": 0.0, "percent_covered_display": "0", "missing_lines": 2, "excluded_lines": 0, "percent_statements_covered": 0.0, "percent_statements_covered_display": "0"}, "missing_lines": [18, 20], "excluded_lines": [], "start_line": 1}}}, "jeeves_avionics\\database\\__init__.py": {"executed_lines": [11, 12, 13, 14, 15, 16, 18], "summary": {"covered_lines": 7, "num_statements": 7, "percent_covered": 100.0, "percent_covered_display": "100", "missing_lines": 0, "excluded_lines": 0, "percent_statements_covered": 100.0, "percent_statements_covered_display": "100"}, "missing_lines": [], "excluded_lines": [], "functions": {"": {"executed_lines": [11, 12, 13, 14, 15, 16, 18], "summary": {"covered_lines": 7, "num_statements": 7, "percent_covered": 100.0, "percent_covered_display": "100", "missing_lines": 0, "excluded_lines": 0, "percent_statements_covered": 100.0, "percent_statements_covered_display": "100"}, "missing_lines": [], "excluded_lines": [], "start_line": 1}}, "classes": {"": {"executed_lines": [11, 12, 13, 14, 15, 16, 18], "summary": {"covered_lines": 7, "num_statements": 7, "percent_covered": 100.0, "percent_covered_display": "100", "missing_lines": 0, "excluded_lines": 0, "percent_statements_covered": 100.0, "percent_statements_covered_display": "100"}, "missing_lines": [], "excluded_lines": [], "start_line": 1}}}, "jeeves_avionics\\database\\client.py": {"executed_lines": [30, 33, 42, 49], "summary": {"covered_lines": 4, "num_statements": 4, "percent_covered": 100.0, "percent_covered_display": "100", "missing_lines": 0, "excluded_lines": 0, "percent_statements_covered": 100.0, "percent_statements_covered_display": "100"}, "missing_lines": [], "excluded_lines": [], "functions": {"": {"executed_lines": [30, 33, 42, 49], "summary": {"covered_lines": 4, "num_statements": 4, "percent_covered": 100.0, "percent_covered_display": "100", "missing_lines": 0, "excluded_lines": 0, "percent_statements_covered": 100.0, "percent_statements_covered_display": "100"}, "missing_lines": [], "excluded_lines": [], "start_line": 1}}, "classes": {"": {"executed_lines": [30, 33, 42, 49], "summary": {"covered_lines": 4, "num_statements": 4, "percent_covered": 100.0, "percent_covered_display": "100", "missing_lines": 0, "excluded_lines": 0, "percent_statements_covered": 100.0, "percent_statements_covered_display": "100"}, "missing_lines": [], "excluded_lines": [], "start_line": 1}}}, "jeeves_avionics\\database\\connection_manager.py": {"executed_lines": [8, 9, 10, 11, 12, 15, 18, 27, 36, 40, 49, 57, 64, 70, 71, 72, 73, 75, 77, 84, 86, 87, 90, 91, 94, 99, 100, 102, 103, 105, 107, 109, 116, 118, 121, 122, 123, 125, 128, 131, 132, 134, 136, 137, 138, 141, 148, 150, 151, 153, 158, 160, 161, 163, 164, 167, 169, 172, 175, 188, 197, 206, 210, 219, 227, 244, 251, 252, 253, 254, 256, 262, 263, 266, 271, 294, 300, 302, 304, 311, 314], "summary": {"covered_lines": 81, "num_statements": 106, "percent_covered": 76.41509433962264, "percent_covered_display": "76", "missing_lines": 25, "excluded_lines": 0, "percent_statements_covered": 76.41509433962264, "percent_statements_covered_display": "76"}, "missing_lines": [25, 34, 38, 47, 54, 139, 182, 184, 185, 186, 195, 204, 208, 217, 224, 273, 279, 286, 289, 290, 306, 307, 325, 326, 328], "excluded_lines": [], "functions": {"StateBackend.rate_limit_check": {"executed_lines": [], "summary": {"covered_lines": 0, "num_statements": 1, "percent_covered": 0.0, "percent_covered_display": "0", "missing_lines": 1, "excluded_lines": 0, "percent_statements_covered": 0.0, "percent_statements_covered_display": "0"}, "missing_lines": [25], "excluded_lines": [], "start_line": 18}, "StateBackend.acquire_lock": {"executed_lines": [], "summary": {"covered_lines": 0, "num_statements": 1, "percent_covered": 0.0, "percent_covered_display": "0", "missing_lines": 1, "excluded_lines": 0, "percent_statements_covered": 0.0, "percent_statements_covered_display": "0"}, "missing_lines": [34], "excluded_lines": [], "start_line": 27}, "StateBackend.release_lock": {"executed_lines": [], "summary": {"covered_lines": 0, "num_statements": 1, "percent_covered": 0.0, "percent_covered_display": "0", "missing_lines": 1, "excluded_lines": 0, "percent_statements_covered": 0.0, "percent_statements_covered_display": "0"}, "missing_lines": [38], "excluded_lines": [], "start_line": 36}, "StateBackend.cache_embedding": {"executed_lines": [], "summary": {"covered_lines": 0, "num_statements": 1, "percent_covered": 0.0, "percent_covered_display": "0", "missing_lines": 1, "excluded_lines": 0, "percent_statements_covered": 0.0, "percent_statements_covered_display": "0"}, "missing_lines": [47], "excluded_lines": [], "start_line": 40}, "StateBackend.get_cached_embedding": {"executed_lines": [], "summary": {"covered_lines": 0, "num_statements": 1, "percent_covered": 0.0, "percent_covered_display": "0", "missing_lines": 1, "excluded_lines": 0, "percent_statements_covered": 0.0, "percent_statements_covered_display": "0"}, "missing_lines": [54], "excluded_lines": [], "start_line": 49}, "InMemoryStateBackend.__init__": {"executed_lines": [70, 71, 72, 73, 75], "summary": {"covered_lines": 5, "num_statements": 5, "percent_covered": 100.0, "percent_covered_display": "100", "missing_lines": 0, "excluded_lines": 0, "percent_statements_covered": 100.0, "percent_statements_covered_display": "100"}, "missing_lines": [], "excluded_lines": [], "start_line": 64}, "InMemoryStateBackend.rate_limit_check": {"executed_lines": [84, 86, 87, 90, 91, 94, 99, 100, 102, 103, 105, 107], "summary": {"covered_lines": 12, "num_statements": 12, "percent_covered": 100.0, "percent_covered_display": "100", "missing_lines": 0, "excluded_lines": 0, "percent_statements_covered": 100.0, "percent_statements_covered_display": "100"}, "missing_lines": [], "excluded_lines": [], "start_line": 77}, "InMemoryStateBackend.acquire_lock": {"executed_lines": [116, 118, 121, 122, 123, 125, 128, 131, 132], "summary": {"covered_lines": 9, "num_statements": 9, "percent_covered": 100.0, "percent_covered_display": "100", "missing_lines": 0, "excluded_lines": 0, "percent_statements_covered": 100.0, "percent_statements_covered_display": "100"}, "missing_lines": [], "excluded_lines": [], "start_line": 109}, "InMemoryStateBackend.release_lock": {"executed_lines": [136, 137, 138], "summary": {"covered_lines": 3, "num_statements": 4, "percent_covered": 75.0, "percent_covered_display": "75", "missing_lines": 1, "excluded_lines": 0, "percent_statements_covered": 75.0, "percent_statements_covered_display": "75"}, "missing_lines": [139], "excluded_lines": [], "start_line": 134}, "InMemoryStateBackend.cache_embedding": {"executed_lines": [148, 150, 151], "summary": {"covered_lines": 3, "num_statements": 3, "percent_covered": 100.0, "percent_covered_display": "100", "missing_lines": 0, "excluded_lines": 0, "percent_statements_covered": 100.0, "percent_statements_covered_display": "100"}, "missing_lines": [], "excluded_lines": [], "start_line": 141}, "InMemoryStateBackend.get_cached_embedding": {"executed_lines": [158, 160, 161, 163, 164, 167, 169], "summary": {"covered_lines": 7, "num_statements": 7, "percent_covered": 100.0, "percent_covered_display": "100", "missing_lines": 0, "excluded_lines": 0, "percent_statements_covered": 100.0, "percent_statements_covered_display": "100"}, "missing_lines": [], "excluded_lines": [], "start_line": 153}, "RedisStateBackend.__init__": {"executed_lines": [], "summary": {"covered_lines": 0, "num_statements": 4, "percent_covered": 0.0, "percent_covered_display": "0", "missing_lines": 4, "excluded_lines": 0, "percent_statements_covered": 0.0, "percent_statements_covered_display": "0"}, "missing_lines": [182, 184, 185, 186], "excluded_lines": [], "start_line": 175}, "RedisStateBackend.rate_limit_check": {"executed_lines": [], "summary": {"covered_lines": 0, "num_statements": 1, "percent_covered": 0.0, "percent_covered_display": "0", "missing_lines": 1, "excluded_lines": 0, "percent_statements_covered": 0.0, "percent_statements_covered_display": "0"}, "missing_lines": [195], "excluded_lines": [], "start_line": 188}, "RedisStateBackend.acquire_lock": {"executed_lines": [], "summary": {"covered_lines": 0, "num_statements": 1, "percent_covered": 0.0, "percent_covered_display": "0", "missing_lines": 1, "excluded_lines": 0, "percent_statements_covered": 0.0, "percent_statements_covered_display": "0"}, "missing_lines": [204], "excluded_lines": [], "start_line": 197}, "RedisStateBackend.release_lock": {"executed_lines": [], "summary": {"covered_lines": 0, "num_statements": 1, "percent_covered": 0.0, "percent_covered_display": "0", "missing_lines": 1, "excluded_lines": 0, "percent_statements_covered": 0.0, "percent_statements_covered_display": "0"}, "missing_lines": [208], "excluded_lines": [], "start_line": 206}, "RedisStateBackend.cache_embedding": {"executed_lines": [], "summary": {"covered_lines": 0, "num_statements": 1, "percent_covered": 0.0, "percent_covered_display": "0", "missing_lines": 1, "excluded_lines": 0, "percent_statements_covered": 0.0, "percent_statements_covered_display": "0"}, "missing_lines": [217], "excluded_lines": [], "start_line": 210}, "RedisStateBackend.get_cached_embedding": {"executed_lines": [], "summary": {"covered_lines": 0, "num_statements": 1, "percent_covered": 0.0, "percent_covered_display": "0", "missing_lines": 1, "excluded_lines": 0, "percent_statements_covered": 0.0, "percent_statements_covered_display": "0"}, "missing_lines": [224], "excluded_lines": [], "start_line": 219}, "ConnectionManager.__init__": {"executed_lines": [251, 252, 253, 254], "summary": {"covered_lines": 4, "num_statements": 4, "percent_covered": 100.0, "percent_covered_display": "100", "missing_lines": 0, "excluded_lines": 0, "percent_statements_covered": 100.0, "percent_statements_covered_display": "100"}, "missing_lines": [], "excluded_lines": [], "start_line": 244}, "ConnectionManager.get_state_backend": {"executed_lines": [262, 263, 266, 271, 294, 300, 302], "summary": {"covered_lines": 7, "num_statements": 12, "percent_covered": 58.333333333333336, "percent_covered_display": "58", "missing_lines": 5, "excluded_lines": 0, "percent_statements_covered": 58.333333333333336, "percent_statements_covered_display": "58"}, "missing_lines": [273, 279, 286, 289, 290], "excluded_lines": [], "start_line": 256}, "ConnectionManager.close": {"executed_lines": [], "summary": {"covered_lines": 0, "num_statements": 2, "percent_covered": 0.0, "percent_covered_display": "0", "missing_lines": 2, "excluded_lines": 0, "percent_statements_covered": 0.0, "percent_statements_covered_display": "0"}, "missing_lines": [306, 307], "excluded_lines": [], "start_line": 304}, "get_connection_manager": {"executed_lines": [], "summary": {"covered_lines": 0, "num_statements": 3, "percent_covered": 0.0, "percent_covered_display": "0", "missing_lines": 3, "excluded_lines": 0, "percent_statements_covered": 0.0, "percent_statements_covered_display": "0"}, "missing_lines": [325, 326, 328], "excluded_lines": [], "start_line": 314}, "": {"executed_lines": [8, 9, 10, 11, 12, 15, 18, 27, 36, 40, 49, 57, 64, 77, 109, 134, 141, 153, 172, 175, 188, 197, 206, 210, 219, 227, 244, 256, 304, 311, 314], "summary": {"covered_lines": 31, "num_statements": 31, "percent_covered": 100.0, "percent_covered_display": "100", "missing_lines": 0, "excluded_lines": 0, "percent_statements_covered": 100.0, "percent_statements_covered_display": "100"}, "missing_lines": [], "excluded_lines": [], "start_line": 1}}, "classes": {"StateBackend": {"executed_lines": [], "summary": {"covered_lines": 0, "num_statements": 5, "percent_covered": 0.0, "percent_covered_display": "0", "missing_lines": 5, "excluded_lines": 0, "percent_statements_covered": 0.0, "percent_statements_covered_display": "0"}, "missing_lines": [25, 34, 38, 47, 54], "excluded_lines": [], "start_line": 15}, "InMemoryStateBackend": {"executed_lines": [70, 71, 72, 73, 75, 84, 86, 87, 90, 91, 94, 99, 100, 102, 103, 105, 107, 116, 118, 121, 122, 123, 125, 128, 131, 132, 136, 137, 138, 148, 150, 151, 158, 160, 161, 163, 164, 167, 169], "summary": {"covered_lines": 39, "num_statements": 40, "percent_covered": 97.5, "percent_covered_display": "98", "missing_lines": 1, "excluded_lines": 0, "percent_statements_covered": 97.5, "percent_statements_covered_display": "98"}, "missing_lines": [139], "excluded_lines": [], "start_line": 57}, "RedisStateBackend": {"executed_lines": [], "summary": {"covered_lines": 0, "num_statements": 9, "percent_covered": 0.0, "percent_covered_display": "0", "missing_lines": 9, "excluded_lines": 0, "percent_statements_covered": 0.0, "percent_statements_covered_display": "0"}, "missing_lines": [182, 184, 185, 186, 195, 204, 208, 217, 224], "excluded_lines": [], "start_line": 172}, "ConnectionManager": {"executed_lines": [251, 252, 253, 254, 262, 263, 266, 271, 294, 300, 302], "summary": {"covered_lines": 11, "num_statements": 18, "percent_covered": 61.111111111111114, "percent_covered_display": "61", "missing_lines": 7, "excluded_lines": 0, "percent_statements_covered": 61.111111111111114, "percent_statements_covered_display": "61"}, "missing_lines": [273, 279, 286, 289, 290, 306, 307], "excluded_lines": [], "start_line": 227}, "": {"executed_lines": [8, 9, 10, 11, 12, 15, 18, 27, 36, 40, 49, 57, 64, 77, 109, 134, 141, 153, 172, 175, 188, 197, 206, 210, 219, 227, 244, 256, 304, 311, 314], "summary": {"covered_lines": 31, "num_statements": 34, "percent_covered": 91.17647058823529, "percent_covered_display": "91", "missing_lines": 3, "excluded_lines": 0, "percent_statements_covered": 91.17647058823529, "percent_statements_covered_display": "91"}, "missing_lines": [325, 326, 328], "excluded_lines": [], "start_line": 1}}}, "jeeves_avionics\\database\\constants.py": {"executed_lines": [11, 19, 51, 83, 92, 95], "summary": {"covered_lines": 6, "num_statements": 6, "percent_covered": 100.0, "percent_covered_display": "100", "missing_lines": 0, "excluded_lines": 0, "percent_statements_covered": 100.0, "percent_statements_covered_display": "100"}, "missing_lines": [], "excluded_lines": [], "functions": {"": {"executed_lines": [11, 19, 51, 83, 92, 95], "summary": {"covered_lines": 6, "num_statements": 6, "percent_covered": 100.0, "percent_covered_display": "100", "missing_lines": 0, "excluded_lines": 0, "percent_statements_covered": 100.0, "percent_statements_covered_display": "100"}, "missing_lines": [], "excluded_lines": [], "start_line": 1}}, "classes": {"": {"executed_lines": [11, 19, 51, 83, 92, 95], "summary": {"covered_lines": 6, "num_statements": 6, "percent_covered": 100.0, "percent_covered_display": "100", "missing_lines": 0, "excluded_lines": 0, "percent_statements_covered": 100.0, "percent_statements_covered_display": "100"}, "missing_lines": [], "excluded_lines": [], "start_line": 1}}}, "jeeves_avionics\\database\\factory.py": {"executed_lines": [17, 18, 19, 20, 21, 25, 31, 64, 118, 123], "summary": {"covered_lines": 10, "num_statements": 41, "percent_covered": 24.390243902439025, "percent_covered_display": "24", "missing_lines": 31, "excluded_lines": 2, "percent_statements_covered": 24.390243902439025, "percent_statements_covered_display": "24"}, "missing_lines": [48, 51, 54, 57, 58, 60, 61, 75, 76, 79, 81, 82, 86, 87, 90, 91, 92, 95, 96, 97, 98, 99, 100, 107, 108, 109, 112, 113, 114, 115, 120], "excluded_lines": [27, 28], "functions": {"create_database_client": {"executed_lines": [], "summary": {"covered_lines": 0, "num_statements": 7, "percent_covered": 0.0, "percent_covered_display": "0", "missing_lines": 7, "excluded_lines": 0, "percent_statements_covered": 0.0, "percent_statements_covered_display": "0"}, "missing_lines": [48, 51, 54, 57, 58, 60, 61], "excluded_lines": [], "start_line": 31}, "_maybe_init_schema": {"executed_lines": [], "summary": {"covered_lines": 0, "num_statements": 23, "percent_covered": 0.0, "percent_covered_display": "0", "missing_lines": 23, "excluded_lines": 0, "percent_statements_covered": 0.0, "percent_statements_covered_display": "0"}, "missing_lines": [75, 76, 79, 81, 82, 86, 87, 90, 91, 92, 95, 96, 97, 98, 99, 100, 107, 108, 109, 112, 113, 114, 115], "excluded_lines": [], "start_line": 64}, "reset_factory": {"executed_lines": [], "summary": {"covered_lines": 0, "num_statements": 1, "percent_covered": 0.0, "percent_covered_display": "0", "missing_lines": 1, "excluded_lines": 0, "percent_statements_covered": 0.0, "percent_statements_covered_display": "0"}, "missing_lines": [120], "excluded_lines": [], "start_line": 118}, "": {"executed_lines": [17, 18, 19, 20, 21, 25, 31, 64, 118, 123], "summary": {"covered_lines": 10, "num_statements": 10, "percent_covered": 100.0, "percent_covered_display": "100", "missing_lines": 0, "excluded_lines": 2, "percent_statements_covered": 100.0, "percent_statements_covered_display": "100"}, "missing_lines": [], "excluded_lines": [27, 28], "start_line": 1}}, "classes": {"": {"executed_lines": [17, 18, 19, 20, 21, 25, 31, 64, 118, 123], "summary": {"covered_lines": 10, "num_statements": 41, "percent_covered": 24.390243902439025, "percent_covered_display": "24", "missing_lines": 31, "excluded_lines": 2, "percent_statements_covered": 24.390243902439025, "percent_statements_covered_display": "24"}, "missing_lines": [48, 51, 54, 57, 58, 60, 61, 75, 76, 79, 81, 82, 86, 87, 90, 91, 92, 95, 96, 97, 98, 99, 100, 107, 108, 109, 112, 113, 114, 115, 120], "excluded_lines": [27, 28], "start_line": 1}}}, "jeeves_avionics\\database\\init_schema.py": {"executed_lines": [], "summary": {"covered_lines": 0, "num_statements": 39, "percent_covered": 0.0, "percent_covered_display": "0", "missing_lines": 39, "excluded_lines": 0, "percent_statements_covered": 0.0, "percent_statements_covered_display": "0"}, "missing_lines": [13, 14, 15, 16, 18, 19, 20, 23, 41, 42, 44, 47, 49, 50, 53, 54, 55, 57, 60, 62, 65, 67, 69, 70, 71, 72, 73, 75, 76, 80, 85, 87, 88, 90, 91, 92, 94, 97, 98], "excluded_lines": [], "functions": {"init_schema": {"executed_lines": [], "summary": {"covered_lines": 0, "num_statements": 10, "percent_covered": 0.0, "percent_covered_display": "0", "missing_lines": 10, "excluded_lines": 0, "percent_statements_covered": 0.0, "percent_statements_covered_display": "0"}, "missing_lines": [41, 42, 44, 47, 49, 50, 53, 54, 55, 57], "excluded_lines": [], "start_line": 23}, "main": {"executed_lines": [], "summary": {"covered_lines": 0, "num_statements": 18, "percent_covered": 0.0, "percent_covered_display": "0", "missing_lines": 18, "excluded_lines": 0, "percent_statements_covered": 0.0, "percent_statements_covered_display": "0"}, "missing_lines": [62, 65, 67, 69, 70, 71, 72, 73, 75, 76, 80, 85, 87, 88, 90, 91, 92, 94], "excluded_lines": [], "start_line": 60}, "": {"executed_lines": [], "summary": {"covered_lines": 0, "num_statements": 11, "percent_covered": 0.0, "percent_covered_display": "0", "missing_lines": 11, "excluded_lines": 0, "percent_statements_covered": 0.0, "percent_statements_covered_display": "0"}, "missing_lines": [13, 14, 15, 16, 18, 19, 20, 23, 60, 97, 98], "excluded_lines": [], "start_line": 1}}, "classes": {"": {"executed_lines": [], "summary": {"covered_lines": 0, "num_statements": 39, "percent_covered": 0.0, "percent_covered_display": "0", "missing_lines": 39, "excluded_lines": 0, "percent_statements_covered": 0.0, "percent_statements_covered_display": "0"}, "missing_lines": [13, 14, 15, 16, 18, 19, 20, 23, 41, 42, 44, 47, 49, 50, 53, 54, 55, 57, 60, 62, 65, 67, 69, 70, 71, 72, 73, 75, 76, 80, 85, 87, 88, 90, 91, 92, 94, 97, 98], "excluded_lines": [], "start_line": 1}}}, "jeeves_avionics\\database\\postgres_client.py": {"executed_lines": [3, 4, 5, 6, 7, 8, 9, 10, 11, 12, 18, 19, 21, 22, 23, 24, 27, 33, 36, 70, 71, 75, 76, 94, 95, 172, 231, 247, 251, 252, 269, 270, 292, 438, 462, 484, 518, 564, 598, 630, 656, 699, 725, 745], "summary": {"covered_lines": 44, "num_statements": 358, "percent_covered": 12.29050279329609, "percent_covered_display": "12", "missing_lines": 314, "excluded_lines": 0, "percent_statements_covered": 12.29050279329609, "percent_statements_covered_display": "12"}, "missing_lines": [57, 58, 59, 60, 61, 62, 63, 64, 66, 67, 68, 73, 92, 109, 110, 112, 114, 117, 118, 119, 120, 122, 124, 126, 128, 131, 134, 139, 141, 142, 145, 147, 148, 150, 151, 152, 153, 154, 157, 160, 161, 162, 163, 164, 166, 168, 170, 174, 175, 176, 178, 182, 199, 206, 208, 209, 210, 213, 216, 217, 218, 223, 225, 227, 228, 229, 233, 234, 236, 237, 238, 239, 240, 241, 243, 244, 245, 249, 260, 261, 263, 264, 266, 267, 281, 282, 283, 284, 285, 288, 289, 290, 298, 299, 300, 302, 304, 306, 307, 308, 309, 310, 311, 312, 313, 315, 316, 317, 319, 320, 321, 323, 324, 325, 326, 327, 328, 330, 331, 332, 333, 334, 335, 337, 338, 340, 341, 342, 343, 344, 346, 347, 348, 350, 351, 352, 353, 354, 355, 356, 357, 359, 360, 362, 363, 364, 365, 366, 367, 368, 369, 371, 372, 374, 375, 376, 377, 378, 380, 381, 382, 383, 384, 386, 387, 388, 389, 390, 392, 393, 394, 395, 396, 398, 399, 400, 401, 402, 403, 405, 406, 407, 408, 409, 410, 411, 413, 414, 416, 417, 418, 420, 422, 424, 425, 426, 427, 428, 429, 434, 436, 452, 453, 455, 457, 458, 459, 460, 473, 474, 476, 477, 478, 482, 497, 498, 502, 504, 505, 506, 507, 508, 509, 514, 516, 520, 521, 524, 528, 529, 531, 532, 533, 534, 535, 537, 538, 539, 541, 542, 544, 545, 547, 548, 550, 551, 553, 554, 555, 557, 558, 559, 561, 562, 572, 573, 576, 580, 581, 582, 583, 585, 587, 588, 589, 591, 593, 594, 595, 596, 614, 615, 617, 619, 620, 621, 622, 623, 624, 625, 628, 644, 645, 647, 649, 650, 651, 654, 662, 663, 664, 670, 671, 672, 675, 676, 677, 684, 686, 692, 693, 694, 708, 722, 723, 731, 743, 751, 752, 754, 759, 760, 761, 763], "excluded_lines": [], "functions": {"PostgreSQLClient.__init__": {"executed_lines": [], "summary": {"covered_lines": 0, "num_statements": 11, "percent_covered": 0.0, "percent_covered_display": "0", "missing_lines": 11, "excluded_lines": 0, "percent_statements_covered": 0.0, "percent_statements_covered_display": "0"}, "missing_lines": [57, 58, 59, 60, 61, 62, 63, 64, 66, 67, 68], "excluded_lines": [], "start_line": 36}, "PostgreSQLClient.pool": {"executed_lines": [], "summary": {"covered_lines": 0, "num_statements": 1, "percent_covered": 0.0, "percent_covered_display": "0", "missing_lines": 1, "excluded_lines": 0, "percent_statements_covered": 0.0, "percent_statements_covered_display": "0"}, "missing_lines": [73], "excluded_lines": [], "start_line": 71}, "PostgreSQLClient._convert_uuid_strings": {"executed_lines": [], "summary": {"covered_lines": 0, "num_statements": 1, "percent_covered": 0.0, "percent_covered_display": "0", "missing_lines": 1, "excluded_lines": 0, "percent_statements_covered": 0.0, "percent_statements_covered_display": "0"}, "missing_lines": [92], "excluded_lines": [], "start_line": 76}, "PostgreSQLClient._prepare_query_and_params": {"executed_lines": [], "summary": {"covered_lines": 0, "num_statements": 30, "percent_covered": 0.0, "percent_covered_display": "0", "missing_lines": 30, "excluded_lines": 0, "percent_statements_covered": 0.0, "percent_statements_covered_display": "0"}, "missing_lines": [109, 110, 112, 114, 117, 118, 119, 120, 122, 124, 126, 128, 131, 134, 139, 141, 142, 145, 147, 148, 150, 157, 160, 161, 162, 163, 164, 166, 168, 170], "excluded_lines": [], "start_line": 95}, "PostgreSQLClient._prepare_query_and_params.repl": {"executed_lines": [], "summary": {"covered_lines": 0, "num_statements": 4, "percent_covered": 0.0, "percent_covered_display": "0", "missing_lines": 4, "excluded_lines": 0, "percent_statements_covered": 0.0, "percent_statements_covered_display": "0"}, "missing_lines": [151, 152, 153, 154], "excluded_lines": [], "start_line": 150}, "PostgreSQLClient.connect": {"executed_lines": [], "summary": {"covered_lines": 0, "num_statements": 19, "percent_covered": 0.0, "percent_covered_display": "0", "missing_lines": 19, "excluded_lines": 0, "percent_statements_covered": 0.0, "percent_statements_covered_display": "0"}, "missing_lines": [174, 175, 176, 178, 182, 199, 206, 208, 209, 210, 213, 216, 217, 218, 223, 225, 227, 228, 229], "excluded_lines": [], "start_line": 172}, "PostgreSQLClient.disconnect": {"executed_lines": [], "summary": {"covered_lines": 0, "num_statements": 11, "percent_covered": 0.0, "percent_covered_display": "0", "missing_lines": 11, "excluded_lines": 0, "percent_statements_covered": 0.0, "percent_statements_covered_display": "0"}, "missing_lines": [233, 234, 236, 237, 238, 239, 240, 241, 243, 244, 245], "excluded_lines": [], "start_line": 231}, "PostgreSQLClient.close": {"executed_lines": [], "summary": {"covered_lines": 0, "num_statements": 1, "percent_covered": 0.0, "percent_covered_display": "0", "missing_lines": 1, "excluded_lines": 0, "percent_statements_covered": 0.0, "percent_statements_covered_display": "0"}, "missing_lines": [249], "excluded_lines": [], "start_line": 247}, "PostgreSQLClient.session": {"executed_lines": [], "summary": {"covered_lines": 0, "num_statements": 6, "percent_covered": 0.0, "percent_covered_display": "0", "missing_lines": 6, "excluded_lines": 0, "percent_statements_covered": 0.0, "percent_statements_covered_display": "0"}, "missing_lines": [260, 261, 263, 264, 266, 267], "excluded_lines": [], "start_line": 252}, "PostgreSQLClient.transaction": {"executed_lines": [], "summary": {"covered_lines": 0, "num_statements": 8, "percent_covered": 0.0, "percent_covered_display": "0", "missing_lines": 8, "excluded_lines": 0, "percent_statements_covered": 0.0, "percent_statements_covered_display": "0"}, "missing_lines": [281, 282, 283, 284, 285, 288, 289, 290], "excluded_lines": [], "start_line": 270}, "PostgreSQLClient.initialize_schema": {"executed_lines": [], "summary": {"covered_lines": 0, "num_statements": 14, "percent_covered": 0.0, "percent_covered_display": "0", "missing_lines": 14, "excluded_lines": 0, "percent_statements_covered": 0.0, "percent_statements_covered_display": "0"}, "missing_lines": [298, 299, 300, 302, 304, 422, 424, 425, 426, 427, 428, 429, 434, 436], "excluded_lines": [], "start_line": 292}, "PostgreSQLClient.initialize_schema._split_sql_statements": {"executed_lines": [], "summary": {"covered_lines": 0, "num_statements": 93, "percent_covered": 0.0, "percent_covered_display": "0", "missing_lines": 93, "excluded_lines": 0, "percent_statements_covered": 0.0, "percent_statements_covered_display": "0"}, "missing_lines": [306, 307, 308, 309, 310, 311, 312, 313, 315, 319, 320, 321, 323, 324, 325, 326, 327, 328, 330, 331, 332, 333, 334, 335, 337, 338, 340, 341, 342, 343, 344, 346, 347, 348, 350, 351, 352, 353, 354, 355, 356, 357, 359, 360, 362, 363, 364, 365, 366, 367, 368, 369, 371, 372, 374, 375, 376, 377, 378, 380, 381, 382, 383, 384, 386, 387, 388, 389, 390, 392, 393, 394, 395, 396, 398, 399, 400, 401, 402, 403, 405, 406, 407, 408, 409, 410, 411, 413, 414, 416, 417, 418, 420], "excluded_lines": [], "start_line": 304}, "PostgreSQLClient.initialize_schema._split_sql_statements.startswith_dollar_delim": {"executed_lines": [], "summary": {"covered_lines": 0, "num_statements": 2, "percent_covered": 0.0, "percent_covered_display": "0", "missing_lines": 2, "excluded_lines": 0, "percent_statements_covered": 0.0, "percent_statements_covered_display": "0"}, "missing_lines": [316, 317], "excluded_lines": [], "start_line": 315}, "PostgreSQLClient.execute": {"executed_lines": [], "summary": {"covered_lines": 0, "num_statements": 7, "percent_covered": 0.0, "percent_covered_display": "0", "missing_lines": 7, "excluded_lines": 0, "percent_statements_covered": 0.0, "percent_statements_covered_display": "0"}, "missing_lines": [452, 453, 455, 457, 458, 459, 460], "excluded_lines": [], "start_line": 438}, "PostgreSQLClient.execute_many": {"executed_lines": [], "summary": {"covered_lines": 0, "num_statements": 6, "percent_covered": 0.0, "percent_covered_display": "0", "missing_lines": 6, "excluded_lines": 0, "percent_statements_covered": 0.0, "percent_statements_covered_display": "0"}, "missing_lines": [473, 474, 476, 477, 478, 482], "excluded_lines": [], "start_line": 462}, "PostgreSQLClient.execute_script": {"executed_lines": [], "summary": {"covered_lines": 0, "num_statements": 11, "percent_covered": 0.0, "percent_covered_display": "0", "missing_lines": 11, "excluded_lines": 0, "percent_statements_covered": 0.0, "percent_statements_covered_display": "0"}, "missing_lines": [497, 498, 502, 504, 505, 506, 507, 508, 509, 514, 516], "excluded_lines": [], "start_line": 484}, "PostgreSQLClient.insert": {"executed_lines": [], "summary": {"covered_lines": 0, "num_statements": 29, "percent_covered": 0.0, "percent_covered_display": "0", "missing_lines": 29, "excluded_lines": 0, "percent_statements_covered": 0.0, "percent_statements_covered_display": "0"}, "missing_lines": [520, 521, 524, 528, 529, 531, 532, 533, 534, 535, 537, 538, 539, 541, 542, 544, 545, 547, 548, 550, 551, 553, 554, 555, 557, 558, 559, 561, 562], "excluded_lines": [], "start_line": 518}, "PostgreSQLClient.update": {"executed_lines": [], "summary": {"covered_lines": 0, "num_statements": 16, "percent_covered": 0.0, "percent_covered_display": "0", "missing_lines": 16, "excluded_lines": 0, "percent_statements_covered": 0.0, "percent_statements_covered_display": "0"}, "missing_lines": [572, 573, 576, 580, 581, 582, 583, 585, 587, 588, 589, 591, 593, 594, 595, 596], "excluded_lines": [], "start_line": 564}, "PostgreSQLClient.fetch_one": {"executed_lines": [], "summary": {"covered_lines": 0, "num_statements": 11, "percent_covered": 0.0, "percent_covered_display": "0", "missing_lines": 11, "excluded_lines": 0, "percent_statements_covered": 0.0, "percent_statements_covered_display": "0"}, "missing_lines": [614, 615, 617, 619, 620, 621, 622, 623, 624, 625, 628], "excluded_lines": [], "start_line": 598}, "PostgreSQLClient.fetch_all": {"executed_lines": [], "summary": {"covered_lines": 0, "num_statements": 7, "percent_covered": 0.0, "percent_covered_display": "0", "missing_lines": 7, "excluded_lines": 0, "percent_statements_covered": 0.0, "percent_statements_covered_display": "0"}, "missing_lines": [644, 645, 647, 649, 650, 651, 654], "excluded_lines": [], "start_line": 630}, "PostgreSQLClient.health_check": {"executed_lines": [], "summary": {"covered_lines": 0, "num_statements": 14, "percent_covered": 0.0, "percent_covered_display": "0", "missing_lines": 14, "excluded_lines": 0, "percent_statements_covered": 0.0, "percent_statements_covered_display": "0"}, "missing_lines": [662, 663, 664, 670, 671, 672, 675, 676, 677, 684, 686, 692, 693, 694], "excluded_lines": [], "start_line": 656}, "PostgreSQLClient.get_table_stats": {"executed_lines": [], "summary": {"covered_lines": 0, "num_statements": 3, "percent_covered": 0.0, "percent_covered_display": "0", "missing_lines": 3, "excluded_lines": 0, "percent_statements_covered": 0.0, "percent_statements_covered_display": "0"}, "missing_lines": [708, 722, 723], "excluded_lines": [], "start_line": 699}, "PostgreSQLClient.get_all_tables_stats": {"executed_lines": [], "summary": {"covered_lines": 0, "num_statements": 2, "percent_covered": 0.0, "percent_covered_display": "0", "missing_lines": 2, "excluded_lines": 0, "percent_statements_covered": 0.0, "percent_statements_covered_display": "0"}, "missing_lines": [731, 743], "excluded_lines": [], "start_line": 725}, "PostgreSQLClient.vacuum_analyze": {"executed_lines": [], "summary": {"covered_lines": 0, "num_statements": 7, "percent_covered": 0.0, "percent_covered_display": "0", "missing_lines": 7, "excluded_lines": 0, "percent_statements_covered": 0.0, "percent_statements_covered_display": "0"}, "missing_lines": [751, 752, 754, 759, 760, 761, 763], "excluded_lines": [], "start_line": 745}, "": {"executed_lines": [3, 4, 5, 6, 7, 8, 9, 10, 11, 12, 18, 19, 21, 22, 23, 24, 27, 33, 36, 70, 71, 75, 76, 94, 95, 172, 231, 247, 251, 252, 269, 270, 292, 438, 462, 484, 518, 564, 598, 630, 656, 699, 725, 745], "summary": {"covered_lines": 44, "num_statements": 44, "percent_covered": 100.0, "percent_covered_display": "100", "missing_lines": 0, "excluded_lines": 0, "percent_statements_covered": 100.0, "percent_statements_covered_display": "100"}, "missing_lines": [], "excluded_lines": [], "start_line": 1}}, "classes": {"PostgreSQLClient": {"executed_lines": [], "summary": {"covered_lines": 0, "num_statements": 314, "percent_covered": 0.0, "percent_covered_display": "0", "missing_lines": 314, "excluded_lines": 0, "percent_statements_covered": 0.0, "percent_statements_covered_display": "0"}, "missing_lines": [57, 58, 59, 60, 61, 62, 63, 64, 66, 67, 68, 73, 92, 109, 110, 112, 114, 117, 118, 119, 120, 122, 124, 126, 128, 131, 134, 139, 141, 142, 145, 147, 148, 150, 151, 152, 153, 154, 157, 160, 161, 162, 163, 164, 166, 168, 170, 174, 175, 176, 178, 182, 199, 206, 208, 209, 210, 213, 216, 217, 218, 223, 225, 227, 228, 229, 233, 234, 236, 237, 238, 239, 240, 241, 243, 244, 245, 249, 260, 261, 263, 264, 266, 267, 281, 282, 283, 284, 285, 288, 289, 290, 298, 299, 300, 302, 304, 306, 307, 308, 309, 310, 311, 312, 313, 315, 316, 317, 319, 320, 321, 323, 324, 325, 326, 327, 328, 330, 331, 332, 333, 334, 335, 337, 338, 340, 341, 342, 343, 344, 346, 347, 348, 350, 351, 352, 353, 354, 355, 356, 357, 359, 360, 362, 363, 364, 365, 366, 367, 368, 369, 371, 372, 374, 375, 376, 377, 378, 380, 381, 382, 383, 384, 386, 387, 388, 389, 390, 392, 393, 394, 395, 396, 398, 399, 400, 401, 402, 403, 405, 406, 407, 408, 409, 410, 411, 413, 414, 416, 417, 418, 420, 422, 424, 425, 426, 427, 428, 429, 434, 436, 452, 453, 455, 457, 458, 459, 460, 473, 474, 476, 477, 478, 482, 497, 498, 502, 504, 505, 506, 507, 508, 509, 514, 516, 520, 521, 524, 528, 529, 531, 532, 533, 534, 535, 537, 538, 539, 541, 542, 544, 545, 547, 548, 550, 551, 553, 554, 555, 557, 558, 559, 561, 562, 572, 573, 576, 580, 581, 582, 583, 585, 587, 588, 589, 591, 593, 594, 595, 596, 614, 615, 617, 619, 620, 621, 622, 623, 624, 625, 628, 644, 645, 647, 649, 650, 651, 654, 662, 663, 664, 670, 671, 672, 675, 676, 677, 684, 686, 692, 693, 694, 708, 722, 723, 731, 743, 751, 752, 754, 759, 760, 761, 763], "excluded_lines": [], "start_line": 33}, "": {"executed_lines": [3, 4, 5, 6, 7, 8, 9, 10, 11, 12, 18, 19, 21, 22, 23, 24, 27, 33, 36, 70, 71, 75, 76, 94, 95, 172, 231, 247, 251, 252, 269, 270, 292, 438, 462, 484, 518, 564, 598, 630, 656, 699, 725, 745], "summary": {"covered_lines": 44, "num_statements": 44, "percent_covered": 100.0, "percent_covered_display": "100", "missing_lines": 0, "excluded_lines": 0, "percent_statements_covered": 100.0, "percent_statements_covered_display": "100"}, "missing_lines": [], "excluded_lines": [], "start_line": 1}}}, "jeeves_avionics\\database\\postgres_graph.py": {"executed_lines": [21, 23, 24, 25, 27, 28, 31, 45, 57, 69, 77, 88, 89, 91, 99, 150, 201, 224, 282, 348, 441, 479, 494, 503, 506], "summary": {"covered_lines": 25, "num_statements": 113, "percent_covered": 22.123893805309734, "percent_covered_display": "22", "missing_lines": 88, "excluded_lines": 0, "percent_statements_covered": 22.123893805309734, "percent_statements_covered_display": "22"}, "missing_lines": [93, 94, 95, 96, 97, 118, 123, 124, 125, 128, 147, 148, 169, 177, 178, 179, 182, 198, 199, 210, 219, 220, 222, 242, 245, 246, 247, 249, 258, 259, 260, 263, 264, 265, 267, 276, 277, 278, 280, 299, 331, 336, 337, 340, 341, 342, 343, 344, 346, 367, 368, 370, 371, 372, 373, 375, 379, 380, 381, 382, 385, 409, 410, 413, 414, 415, 416, 417, 419, 426, 427, 437, 439, 450, 453, 463, 464, 467, 476, 477, 481, 482, 483, 485, 496, 497, 498, 499], "excluded_lines": [], "functions": {"PostgresGraphAdapter.__init__": {"executed_lines": [88, 89], "summary": {"covered_lines": 2, "num_statements": 2, "percent_covered": 100.0, "percent_covered_display": "100", "missing_lines": 0, "excluded_lines": 0, "percent_statements_covered": 100.0, "percent_statements_covered_display": "100"}, "missing_lines": [], "excluded_lines": [], "start_line": 77}, "PostgresGraphAdapter.ensure_tables": {"executed_lines": [], "summary": {"covered_lines": 0, "num_statements": 5, "percent_covered": 0.0, "percent_covered_display": "0", "missing_lines": 5, "excluded_lines": 0, "percent_statements_covered": 0.0, "percent_statements_covered_display": "0"}, "missing_lines": [93, 94, 95, 96, 97], "excluded_lines": [], "start_line": 91}, "PostgresGraphAdapter.add_node": {"executed_lines": [], "summary": {"covered_lines": 0, "num_statements": 7, "percent_covered": 0.0, "percent_covered_display": "0", "missing_lines": 7, "excluded_lines": 0, "percent_statements_covered": 0.0, "percent_statements_covered_display": "0"}, "missing_lines": [118, 123, 124, 125, 128, 147, 148], "excluded_lines": [], "start_line": 99}, "PostgresGraphAdapter.add_edge": {"executed_lines": [], "summary": {"covered_lines": 0, "num_statements": 7, "percent_covered": 0.0, "percent_covered_display": "0", "missing_lines": 7, "excluded_lines": 0, "percent_statements_covered": 0.0, "percent_statements_covered_display": "0"}, "missing_lines": [169, 177, 178, 179, 182, 198, 199], "excluded_lines": [], "start_line": 150}, "PostgresGraphAdapter.get_node": {"executed_lines": [], "summary": {"covered_lines": 0, "num_statements": 4, "percent_covered": 0.0, "percent_covered_display": "0", "missing_lines": 4, "excluded_lines": 0, "percent_statements_covered": 0.0, "percent_statements_covered_display": "0"}, "missing_lines": [210, 219, 220, 222], "excluded_lines": [], "start_line": 201}, "PostgresGraphAdapter.get_neighbors": {"executed_lines": [], "summary": {"covered_lines": 0, "num_statements": 16, "percent_covered": 0.0, "percent_covered_display": "0", "missing_lines": 16, "excluded_lines": 0, "percent_statements_covered": 0.0, "percent_statements_covered_display": "0"}, "missing_lines": [242, 245, 246, 247, 249, 258, 259, 260, 263, 264, 265, 267, 276, 277, 278, 280], "excluded_lines": [], "start_line": 224}, "PostgresGraphAdapter.find_path": {"executed_lines": [], "summary": {"covered_lines": 0, "num_statements": 10, "percent_covered": 0.0, "percent_covered_display": "0", "missing_lines": 10, "excluded_lines": 0, "percent_statements_covered": 0.0, "percent_statements_covered_display": "0"}, "missing_lines": [299, 331, 336, 337, 340, 341, 342, 343, 344, 346], "excluded_lines": [], "start_line": 282}, "PostgresGraphAdapter.query_subgraph": {"executed_lines": [], "summary": {"covered_lines": 0, "num_statements": 24, "percent_covered": 0.0, "percent_covered_display": "0", "missing_lines": 24, "excluded_lines": 0, "percent_statements_covered": 0.0, "percent_statements_covered_display": "0"}, "missing_lines": [367, 368, 370, 371, 372, 373, 375, 379, 380, 381, 382, 385, 409, 410, 413, 414, 415, 416, 417, 419, 426, 427, 437, 439], "excluded_lines": [], "start_line": 348}, "PostgresGraphAdapter.delete_node": {"executed_lines": [], "summary": {"covered_lines": 0, "num_statements": 7, "percent_covered": 0.0, "percent_covered_display": "0", "missing_lines": 7, "excluded_lines": 0, "percent_statements_covered": 0.0, "percent_statements_covered_display": "0"}, "missing_lines": [450, 453, 463, 464, 467, 476, 477], "excluded_lines": [], "start_line": 441}, "PostgresGraphAdapter._row_to_node": {"executed_lines": [], "summary": {"covered_lines": 0, "num_statements": 4, "percent_covered": 0.0, "percent_covered_display": "0", "missing_lines": 4, "excluded_lines": 0, "percent_statements_covered": 0.0, "percent_statements_covered_display": "0"}, "missing_lines": [481, 482, 483, 485], "excluded_lines": [], "start_line": 479}, "PostgresGraphAdapter._row_to_neighbor": {"executed_lines": [], "summary": {"covered_lines": 0, "num_statements": 4, "percent_covered": 0.0, "percent_covered_display": "0", "missing_lines": 4, "excluded_lines": 0, "percent_statements_covered": 0.0, "percent_statements_covered_display": "0"}, "missing_lines": [496, 497, 498, 499], "excluded_lines": [], "start_line": 494}, "": {"executed_lines": [21, 23, 24, 25, 27, 28, 31, 45, 57, 69, 77, 91, 99, 150, 201, 224, 282, 348, 441, 479, 494, 503, 506], "summary": {"covered_lines": 23, "num_statements": 23, "percent_covered": 100.0, "percent_covered_display": "100", "missing_lines": 0, "excluded_lines": 0, "percent_statements_covered": 100.0, "percent_statements_covered_display": "100"}, "missing_lines": [], "excluded_lines": [], "start_line": 1}}, "classes": {"PostgresGraphAdapter": {"executed_lines": [88, 89], "summary": {"covered_lines": 2, "num_statements": 90, "percent_covered": 2.2222222222222223, "percent_covered_display": "2", "missing_lines": 88, "excluded_lines": 0, "percent_statements_covered": 2.2222222222222223, "percent_statements_covered_display": "2"}, "missing_lines": [93, 94, 95, 96, 97, 118, 123, 124, 125, 128, 147, 148, 169, 177, 178, 179, 182, 198, 199, 210, 219, 220, 222, 242, 245, 246, 247, 249, 258, 259, 260, 263, 264, 265, 267, 276, 277, 278, 280, 299, 331, 336, 337, 340, 341, 342, 343, 344, 346, 367, 368, 370, 371, 372, 373, 375, 379, 380, 381, 382, 385, 409, 410, 413, 414, 415, 416, 417, 419, 426, 427, 437, 439, 450, 453, 463, 464, 467, 476, 477, 481, 482, 483, 485, 496, 497, 498, 499], "excluded_lines": [], "start_line": 31}, "": {"executed_lines": [21, 23, 24, 25, 27, 28, 31, 45, 57, 69, 77, 91, 99, 150, 201, 224, 282, 348, 441, 479, 494, 503, 506], "summary": {"covered_lines": 23, "num_statements": 23, "percent_covered": 100.0, "percent_covered_display": "100", "missing_lines": 0, "excluded_lines": 0, "percent_statements_covered": 100.0, "percent_statements_covered_display": "100"}, "missing_lines": [], "excluded_lines": [], "start_line": 1}}}, "jeeves_avionics\\database\\redis_client.py": {"executed_lines": [12, 13, 14, 15, 16, 18, 19, 22, 31, 48, 75, 82, 151, 201, 221, 253, 278, 301, 319, 334, 349, 368, 371], "summary": {"covered_lines": 23, "num_statements": 116, "percent_covered": 19.82758620689655, "percent_covered_display": "20", "missing_lines": 93, "excluded_lines": 0, "percent_statements_covered": 19.82758620689655, "percent_statements_covered_display": "20"}, "missing_lines": [43, 44, 45, 46, 50, 51, 53, 60, 61, 63, 65, 66, 70, 71, 72, 73, 77, 78, 79, 80, 112, 113, 115, 116, 117, 120, 123, 126, 129, 132, 134, 135, 137, 138, 140, 149, 178, 179, 181, 182, 187, 194, 195, 197, 199, 210, 211, 213, 214, 216, 217, 219, 238, 239, 241, 242, 244, 246, 265, 266, 268, 269, 271, 272, 273, 275, 276, 291, 292, 294, 296, 297, 299, 310, 311, 313, 315, 316, 317, 328, 329, 331, 332, 344, 345, 347, 355, 356, 358, 359, 382, 383, 385], "excluded_lines": [], "functions": {"RedisClient.__init__": {"executed_lines": [], "summary": {"covered_lines": 0, "num_statements": 4, "percent_covered": 0.0, "percent_covered_display": "0", "missing_lines": 4, "excluded_lines": 0, "percent_statements_covered": 0.0, "percent_statements_covered_display": "0"}, "missing_lines": [43, 44, 45, 46], "excluded_lines": [], "start_line": 31}, "RedisClient.connect": {"executed_lines": [], "summary": {"covered_lines": 0, "num_statements": 12, "percent_covered": 0.0, "percent_covered_display": "0", "missing_lines": 12, "excluded_lines": 0, "percent_statements_covered": 0.0, "percent_statements_covered_display": "0"}, "missing_lines": [50, 51, 53, 60, 61, 63, 65, 66, 70, 71, 72, 73], "excluded_lines": [], "start_line": 48}, "RedisClient.disconnect": {"executed_lines": [], "summary": {"covered_lines": 0, "num_statements": 4, "percent_covered": 0.0, "percent_covered_display": "0", "missing_lines": 4, "excluded_lines": 0, "percent_statements_covered": 0.0, "percent_statements_covered_display": "0"}, "missing_lines": [77, 78, 79, 80], "excluded_lines": [], "start_line": 75}, "RedisClient.rate_limit_check": {"executed_lines": [], "summary": {"covered_lines": 0, "num_statements": 16, "percent_covered": 0.0, "percent_covered_display": "0", "missing_lines": 16, "excluded_lines": 0, "percent_statements_covered": 0.0, "percent_statements_covered_display": "0"}, "missing_lines": [112, 113, 115, 116, 117, 120, 123, 126, 129, 132, 134, 135, 137, 138, 140, 149], "excluded_lines": [], "start_line": 82}, "RedisClient.acquire_lock": {"executed_lines": [], "summary": {"covered_lines": 0, "num_statements": 9, "percent_covered": 0.0, "percent_covered_display": "0", "missing_lines": 9, "excluded_lines": 0, "percent_statements_covered": 0.0, "percent_statements_covered_display": "0"}, "missing_lines": [178, 179, 181, 182, 187, 194, 195, 197, 199], "excluded_lines": [], "start_line": 151}, "RedisClient.release_lock": {"executed_lines": [], "summary": {"covered_lines": 0, "num_statements": 7, "percent_covered": 0.0, "percent_covered_display": "0", "missing_lines": 7, "excluded_lines": 0, "percent_statements_covered": 0.0, "percent_statements_covered_display": "0"}, "missing_lines": [210, 211, 213, 214, 216, 217, 219], "excluded_lines": [], "start_line": 201}, "RedisClient.cache_embedding": {"executed_lines": [], "summary": {"covered_lines": 0, "num_statements": 6, "percent_covered": 0.0, "percent_covered_display": "0", "missing_lines": 6, "excluded_lines": 0, "percent_statements_covered": 0.0, "percent_statements_covered_display": "0"}, "missing_lines": [238, 239, 241, 242, 244, 246], "excluded_lines": [], "start_line": 221}, "RedisClient.get_cached_embedding": {"executed_lines": [], "summary": {"covered_lines": 0, "num_statements": 9, "percent_covered": 0.0, "percent_covered_display": "0", "missing_lines": 9, "excluded_lines": 0, "percent_statements_covered": 0.0, "percent_statements_covered_display": "0"}, "missing_lines": [265, 266, 268, 269, 271, 272, 273, 275, 276], "excluded_lines": [], "start_line": 253}, "RedisClient.set_value": {"executed_lines": [], "summary": {"covered_lines": 0, "num_statements": 6, "percent_covered": 0.0, "percent_covered_display": "0", "missing_lines": 6, "excluded_lines": 0, "percent_statements_covered": 0.0, "percent_statements_covered_display": "0"}, "missing_lines": [291, 292, 294, 296, 297, 299], "excluded_lines": [], "start_line": 278}, "RedisClient.get_value": {"executed_lines": [], "summary": {"covered_lines": 0, "num_statements": 6, "percent_covered": 0.0, "percent_covered_display": "0", "missing_lines": 6, "excluded_lines": 0, "percent_statements_covered": 0.0, "percent_statements_covered_display": "0"}, "missing_lines": [310, 311, 313, 315, 316, 317], "excluded_lines": [], "start_line": 301}, "RedisClient.delete": {"executed_lines": [], "summary": {"covered_lines": 0, "num_statements": 4, "percent_covered": 0.0, "percent_covered_display": "0", "missing_lines": 4, "excluded_lines": 0, "percent_statements_covered": 0.0, "percent_statements_covered_display": "0"}, "missing_lines": [328, 329, 331, 332], "excluded_lines": [], "start_line": 319}, "RedisClient.increment": {"executed_lines": [], "summary": {"covered_lines": 0, "num_statements": 3, "percent_covered": 0.0, "percent_covered_display": "0", "missing_lines": 3, "excluded_lines": 0, "percent_statements_covered": 0.0, "percent_statements_covered_display": "0"}, "missing_lines": [344, 345, 347], "excluded_lines": [], "start_line": 334}, "RedisClient.get_stats": {"executed_lines": [], "summary": {"covered_lines": 0, "num_statements": 4, "percent_covered": 0.0, "percent_covered_display": "0", "missing_lines": 4, "excluded_lines": 0, "percent_statements_covered": 0.0, "percent_statements_covered_display": "0"}, "missing_lines": [355, 356, 358, 359], "excluded_lines": [], "start_line": 349}, "get_redis_client": {"executed_lines": [], "summary": {"covered_lines": 0, "num_statements": 3, "percent_covered": 0.0, "percent_covered_display": "0", "missing_lines": 3, "excluded_lines": 0, "percent_statements_covered": 0.0, "percent_statements_covered_display": "0"}, "missing_lines": [382, 383, 385], "excluded_lines": [], "start_line": 371}, "": {"executed_lines": [12, 13, 14, 15, 16, 18, 19, 22, 31, 48, 75, 82, 151, 201, 221, 253, 278, 301, 319, 334, 349, 368, 371], "summary": {"covered_lines": 23, "num_statements": 23, "percent_covered": 100.0, "percent_covered_display": "100", "missing_lines": 0, "excluded_lines": 0, "percent_statements_covered": 100.0, "percent_statements_covered_display": "100"}, "missing_lines": [], "excluded_lines": [], "start_line": 1}}, "classes": {"RedisClient": {"executed_lines": [], "summary": {"covered_lines": 0, "num_statements": 90, "percent_covered": 0.0, "percent_covered_display": "0", "missing_lines": 90, "excluded_lines": 0, "percent_statements_covered": 0.0, "percent_statements_covered_display": "0"}, "missing_lines": [43, 44, 45, 46, 50, 51, 53, 60, 61, 63, 65, 66, 70, 71, 72, 73, 77, 78, 79, 80, 112, 113, 115, 116, 117, 120, 123, 126, 129, 132, 134, 135, 137, 138, 140, 149, 178, 179, 181, 182, 187, 194, 195, 197, 199, 210, 211, 213, 214, 216, 217, 219, 238, 239, 241, 242, 244, 246, 265, 266, 268, 269, 271, 272, 273, 275, 276, 291, 292, 294, 296, 297, 299, 310, 311, 313, 315, 316, 317, 328, 329, 331, 332, 344, 345, 347, 355, 356, 358, 359], "excluded_lines": [], "start_line": 22}, "": {"executed_lines": [12, 13, 14, 15, 16, 18, 19, 22, 31, 48, 75, 82, 151, 201, 221, 253, 278, 301, 319, 334, 349, 368, 371], "summary": {"covered_lines": 23, "num_statements": 26, "percent_covered": 88.46153846153847, "percent_covered_display": "88", "missing_lines": 3, "excluded_lines": 0, "percent_statements_covered": 88.46153846153847, "percent_statements_covered_display": "88"}, "missing_lines": [382, 383, 385], "excluded_lines": [], "start_line": 1}}}, "jeeves_avionics\\database\\registry.py": {"executed_lines": [26, 27, 28, 36, 39, 61, 64, 79, 91, 100, 112, 163, 175, 181, 183, 187, 194], "summary": {"covered_lines": 17, "num_statements": 37, "percent_covered": 45.945945945945944, "percent_covered_display": "46", "missing_lines": 20, "excluded_lines": 3, "percent_statements_covered": 45.945945945945944, "percent_statements_covered_display": "46"}, "missing_lines": [73, 74, 75, 76, 88, 97, 109, 135, 136, 138, 139, 140, 141, 143, 145, 148, 151, 154, 156, 165], "excluded_lines": [30, 31, 44], "functions": {"register_backend": {"executed_lines": [61], "summary": {"covered_lines": 1, "num_statements": 1, "percent_covered": 100.0, "percent_covered_display": "100", "missing_lines": 0, "excluded_lines": 1, "percent_statements_covered": 100.0, "percent_statements_covered_display": "100"}, "missing_lines": [], "excluded_lines": [44], "start_line": 39}, "unregister_backend": {"executed_lines": [], "summary": {"covered_lines": 0, "num_statements": 4, "percent_covered": 0.0, "percent_covered_display": "0", "missing_lines": 4, "excluded_lines": 0, "percent_statements_covered": 0.0, "percent_statements_covered_display": "0"}, "missing_lines": [73, 74, 75, 76], "excluded_lines": [], "start_line": 64}, "get_backend": {"executed_lines": [], "summary": {"covered_lines": 0, "num_statements": 1, "percent_covered": 0.0, "percent_covered_display": "0", "missing_lines": 1, "excluded_lines": 0, "percent_statements_covered": 0.0, "percent_statements_covered_display": "0"}, "missing_lines": [88], "excluded_lines": [], "start_line": 79}, "list_backends": {"executed_lines": [], "summary": {"covered_lines": 0, "num_statements": 1, "percent_covered": 0.0, "percent_covered_display": "0", "missing_lines": 1, "excluded_lines": 0, "percent_statements_covered": 0.0, "percent_statements_covered_display": "0"}, "missing_lines": [97], "excluded_lines": [], "start_line": 91}, "is_backend_registered": {"executed_lines": [], "summary": {"covered_lines": 0, "num_statements": 1, "percent_covered": 0.0, "percent_covered_display": "0", "missing_lines": 1, "excluded_lines": 0, "percent_statements_covered": 0.0, "percent_statements_covered_display": "0"}, "missing_lines": [109], "excluded_lines": [], "start_line": 100}, "create_database_client": {"executed_lines": [], "summary": {"covered_lines": 0, "num_statements": 12, "percent_covered": 0.0, "percent_covered_display": "0", "missing_lines": 12, "excluded_lines": 0, "percent_statements_covered": 0.0, "percent_statements_covered_display": "0"}, "missing_lines": [135, 136, 138, 139, 140, 141, 143, 145, 148, 151, 154, 156], "excluded_lines": [], "start_line": 112}, "_postgres_config_builder": {"executed_lines": [], "summary": {"covered_lines": 0, "num_statements": 1, "percent_covered": 0.0, "percent_covered_display": "0", "missing_lines": 1, "excluded_lines": 0, "percent_statements_covered": 0.0, "percent_statements_covered_display": "0"}, "missing_lines": [165], "excluded_lines": [], "start_line": 163}, "_register_builtin_backends": {"executed_lines": [181, 183], "summary": {"covered_lines": 2, "num_statements": 2, "percent_covered": 100.0, "percent_covered_display": "100", "missing_lines": 0, "excluded_lines": 0, "percent_statements_covered": 100.0, "percent_statements_covered_display": "100"}, "missing_lines": [], "excluded_lines": [], "start_line": 175}, "": {"executed_lines": [26, 27, 28, 36, 39, 64, 79, 91, 100, 112, 163, 175, 187, 194], "summary": {"covered_lines": 14, "num_statements": 14, "percent_covered": 100.0, "percent_covered_display": "100", "missing_lines": 0, "excluded_lines": 2, "percent_statements_covered": 100.0, "percent_statements_covered_display": "100"}, "missing_lines": [], "excluded_lines": [30, 31], "start_line": 1}}, "classes": {"": {"executed_lines": [26, 27, 28, 36, 39, 61, 64, 79, 91, 100, 112, 163, 175, 181, 183, 187, 194], "summary": {"covered_lines": 17, "num_statements": 37, "percent_covered": 45.945945945945944, "percent_covered_display": "46", "missing_lines": 20, "excluded_lines": 3, "percent_statements_covered": 45.945945945945944, "percent_statements_covered_display": "46"}, "missing_lines": [73, 74, 75, 76, 88, 97, 109, 135, 136, 138, 139, 140, 141, 143, 145, 148, 151, 154, 156, 165], "excluded_lines": [30, 31, 44], "start_line": 1}}}, "jeeves_avionics\\distributed\\__init__.py": {"executed_lines": [], "summary": {"covered_lines": 0, "num_statements": 2, "percent_covered": 0.0, "percent_covered_display": "0", "missing_lines": 2, "excluded_lines": 0, "percent_statements_covered": 0.0, "percent_statements_covered_display": "0"}, "missing_lines": [7, 9], "excluded_lines": [], "functions": {"": {"executed_lines": [], "summary": {"covered_lines": 0, "num_statements": 2, "percent_covered": 0.0, "percent_covered_display": "0", "missing_lines": 2, "excluded_lines": 0, "percent_statements_covered": 0.0, "percent_statements_covered_display": "0"}, "missing_lines": [7, 9], "excluded_lines": [], "start_line": 1}}, "classes": {"": {"executed_lines": [], "summary": {"covered_lines": 0, "num_statements": 2, "percent_covered": 0.0, "percent_covered_display": "0", "missing_lines": 2, "excluded_lines": 0, "percent_statements_covered": 0.0, "percent_statements_covered_display": "0"}, "missing_lines": [7, 9], "excluded_lines": [], "start_line": 1}}}, "jeeves_avionics\\distributed\\redis_bus.py": {"executed_lines": [], "summary": {"covered_lines": 0, "num_statements": 155, "percent_covered": 0.0, "percent_covered_display": "0", "missing_lines": 155, "excluded_lines": 0, "percent_statements_covered": 0.0, "percent_statements_covered_display": "0"}, "missing_lines": [7, 8, 9, 10, 11, 13, 18, 19, 20, 23, 58, 59, 60, 61, 62, 64, 75, 76, 78, 92, 95, 96, 109, 110, 113, 114, 115, 118, 120, 127, 129, 145, 146, 149, 151, 152, 154, 155, 158, 159, 161, 162, 163, 166, 173, 174, 177, 179, 186, 198, 204, 205, 208, 209, 210, 211, 213, 214, 217, 224, 225, 226, 229, 232, 233, 234, 235, 236, 237, 239, 241, 248, 249, 252, 253, 254, 255, 257, 258, 259, 260, 263, 264, 265, 268, 270, 271, 279, 280, 281, 283, 291, 297, 299, 305, 316, 317, 319, 326, 329, 331, 337, 342, 343, 346, 347, 350, 351, 352, 355, 356, 358, 360, 365, 366, 368, 370, 372, 377, 378, 379, 382, 385, 388, 389, 390, 391, 392, 393, 394, 395, 397, 398, 400, 410, 412, 413, 415, 416, 417, 418, 419, 421, 423, 425, 426, 427, 429, 435, 436, 439, 440, 443, 444, 446], "excluded_lines": [], "functions": {"RedisDistributedBus.__init__": {"executed_lines": [], "summary": {"covered_lines": 0, "num_statements": 2, "percent_covered": 0.0, "percent_covered_display": "0", "missing_lines": 2, "excluded_lines": 0, "percent_statements_covered": 0.0, "percent_statements_covered_display": "0"}, "missing_lines": [75, 76], "excluded_lines": [], "start_line": 64}, "RedisDistributedBus.enqueue_task": {"executed_lines": [], "summary": {"covered_lines": 0, "num_statements": 11, "percent_covered": 0.0, "percent_covered_display": "0", "missing_lines": 11, "excluded_lines": 0, "percent_statements_covered": 0.0, "percent_statements_covered_display": "0"}, "missing_lines": [92, 95, 96, 109, 110, 113, 114, 115, 118, 120, 127], "excluded_lines": [], "start_line": 78}, "RedisDistributedBus.dequeue_task": {"executed_lines": [], "summary": {"covered_lines": 0, "num_statements": 18, "percent_covered": 0.0, "percent_covered_display": "0", "missing_lines": 18, "excluded_lines": 0, "percent_statements_covered": 0.0, "percent_statements_covered_display": "0"}, "missing_lines": [145, 146, 149, 151, 152, 154, 155, 158, 159, 161, 162, 163, 166, 173, 174, 177, 179, 186], "excluded_lines": [], "start_line": 129}, "RedisDistributedBus.complete_task": {"executed_lines": [], "summary": {"covered_lines": 0, "num_statements": 20, "percent_covered": 0.0, "percent_covered_display": "0", "missing_lines": 20, "excluded_lines": 0, "percent_statements_covered": 0.0, "percent_statements_covered_display": "0"}, "missing_lines": [204, 205, 208, 209, 210, 211, 213, 214, 217, 224, 225, 226, 229, 232, 233, 234, 235, 236, 237, 239], "excluded_lines": [], "start_line": 198}, "RedisDistributedBus.fail_task": {"executed_lines": [], "summary": {"covered_lines": 0, "num_statements": 23, "percent_covered": 0.0, "percent_covered_display": "0", "missing_lines": 23, "excluded_lines": 0, "percent_statements_covered": 0.0, "percent_statements_covered_display": "0"}, "missing_lines": [248, 249, 252, 253, 254, 255, 257, 258, 259, 260, 263, 264, 265, 268, 270, 271, 279, 280, 281, 283, 291, 297, 299], "excluded_lines": [], "start_line": 241}, "RedisDistributedBus.register_worker": {"executed_lines": [], "summary": {"covered_lines": 0, "num_statements": 6, "percent_covered": 0.0, "percent_covered_display": "0", "missing_lines": 6, "excluded_lines": 0, "percent_statements_covered": 0.0, "percent_statements_covered_display": "0"}, "missing_lines": [316, 317, 319, 326, 329, 331], "excluded_lines": [], "start_line": 305}, "RedisDistributedBus.deregister_worker": {"executed_lines": [], "summary": {"covered_lines": 0, "num_statements": 10, "percent_covered": 0.0, "percent_covered_display": "0", "missing_lines": 10, "excluded_lines": 0, "percent_statements_covered": 0.0, "percent_statements_covered_display": "0"}, "missing_lines": [342, 343, 346, 347, 350, 351, 352, 355, 356, 358], "excluded_lines": [], "start_line": 337}, "RedisDistributedBus.heartbeat": {"executed_lines": [], "summary": {"covered_lines": 0, "num_statements": 4, "percent_covered": 0.0, "percent_covered_display": "0", "missing_lines": 4, "excluded_lines": 0, "percent_statements_covered": 0.0, "percent_statements_covered_display": "0"}, "missing_lines": [365, 366, 368, 370], "excluded_lines": [], "start_line": 360}, "RedisDistributedBus.get_queue_stats": {"executed_lines": [], "summary": {"covered_lines": 0, "num_statements": 16, "percent_covered": 0.0, "percent_covered_display": "0", "missing_lines": 16, "excluded_lines": 0, "percent_statements_covered": 0.0, "percent_statements_covered_display": "0"}, "missing_lines": [377, 378, 379, 382, 385, 388, 389, 390, 391, 392, 393, 394, 395, 397, 398, 400], "excluded_lines": [], "start_line": 372}, "RedisDistributedBus.list_queues": {"executed_lines": [], "summary": {"covered_lines": 0, "num_statements": 8, "percent_covered": 0.0, "percent_covered_display": "0", "missing_lines": 8, "excluded_lines": 0, "percent_statements_covered": 0.0, "percent_statements_covered_display": "0"}, "missing_lines": [412, 413, 415, 416, 417, 418, 419, 421], "excluded_lines": [], "start_line": 410}, "RedisDistributedBus._increment_stat": {"executed_lines": [], "summary": {"covered_lines": 0, "num_statements": 3, "percent_covered": 0.0, "percent_covered_display": "0", "missing_lines": 3, "excluded_lines": 0, "percent_statements_covered": 0.0, "percent_statements_covered_display": "0"}, "missing_lines": [425, 426, 427], "excluded_lines": [], "start_line": 423}, "RedisDistributedBus._update_processing_time": {"executed_lines": [], "summary": {"covered_lines": 0, "num_statements": 7, "percent_covered": 0.0, "percent_covered_display": "0", "missing_lines": 7, 
[...]
ng_lines": [], "excluded_lines": [], "start_line": 54}, "TestNLIServiceMocked": {"executed_lines": [89, 90, 91, 101, 102, 103, 104, 105, 109, 111, 116, 117, 118, 122, 124, 129, 130, 131, 135, 137, 142, 143, 144, 148, 150, 157, 158, 159, 163, 165, 172, 173, 177, 179, 186, 187, 191, 197, 198, 203, 209, 214, 220, 226, 227, 228, 229], "summary": {"covered_lines": 47, "num_statements": 47, "percent_covered": 100.0, "percent_covered_display": "100", "missing_lines": 0, "excluded_lines": 0, "percent_statements_covered": 100.0, "percent_statements_covered_display": "100"}, "missing_lines": [], "excluded_lines": [], "start_line": 83}, "TestNLIServiceLabelMapping": {"executed_lines": [238, 242, 243, 244, 248, 249, 250, 254, 255, 256], "summary": {"covered_lines": 10, "num_statements": 10, "percent_covered": 100.0, "percent_covered_display": "100", "missing_lines": 0, "excluded_lines": 0, "percent_statements_covered": 100.0, "percent_statements_covered_display": "100"}, "missing_lines": [], "excluded_lines": [], "start_line": 232}, "TestGetNLIServiceSingleton": {"executed_lines": [265, 266, 268, 269, 274, 275, 277, 278, 280], "summary": {"covered_lines": 9, "num_statements": 9, "percent_covered": 100.0, "percent_covered_display": "100", "missing_lines": 0, "excluded_lines": 0, "percent_statements_covered": 100.0, "percent_statements_covered_display": "100"}, "missing_lines": [], "excluded_lines": [], "start_line": 259}, "TestNLIServiceErrorHandling": {"executed_lines": [288, 289, 290, 291, 293, 296, 297, 301, 302, 303, 304, 306, 313], "summary": {"covered_lines": 13, "num_statements": 13, "percent_covered": 100.0, "percent_covered_display": "100", "missing_lines": 0, "excluded_lines": 0, "percent_statements_covered": 100.0, "percent_statements_covered_display": "100"}, "missing_lines": [], "excluded_lines": [], "start_line": 283}, "TestNLIServiceStats": {"executed_lines": [321, 323, 325, 326, 327, 328, 329, 330], "summary": {"covered_lines": 8, "num_statements": 8, "percent_covered": 100.0, "percent_covered_display": "100", "missing_lines": 0, "excluded_lines": 0, "percent_statements_covered": 100.0, "percent_statements_covered_display": "100"}, "missing_lines": [], "excluded_lines": [], "start_line": 316}, "": {"executed_lines": [13, 14, 17, 25, 28, 33, 38, 43, 48, 54, 57, 69, 83, 86, 87, 93, 94, 107, 120, 133, 146, 161, 175, 189, 200, 232, 235, 236, 240, 246, 252, 259, 262, 271, 283, 286, 299, 316, 319], "summary": {"covered_lines": 39, "num_statements": 39, "percent_covered": 100.0, "percent_covered_display": "100", "missing_lines": 0, "excluded_lines": 0, "percent_statements_covered": 100.0, "percent_statements_covered_display": "100"}, "missing_lines": [], "excluded_lines": [], "start_line": 1}}}, "jeeves_mission_system\\tests\\unit\\test_plan_triage.py": {"executed_lines": [7, 8, 16, 19, 21, 28, 29, 30, 32, 34, 35, 36, 37, 39, 41, 42, 43, 44, 46, 48, 49, 50, 51, 52, 54, 56, 66, 67, 68, 70, 72, 79, 80, 81, 83, 85, 90, 92, 94, 96, 101, 102, 105, 108, 110, 115, 116, 118, 120, 130, 131, 133, 135, 136, 137, 140, 143, 145, 153, 155, 156, 157, 158, 159, 160, 162, 164, 165, 170, 171, 174, 177, 179, 180, 181, 182, 183, 185, 187, 188, 189], "summary": {"covered_lines": 81, "num_statements": 81, "percent_covered": 100.0, "percent_covered_display": "100", "missing_lines": 0, "excluded_lines": 0, "percent_statements_covered": 100.0, "percent_statements_covered_display": "100"}, "missing_lines": [], "excluded_lines": [], "functions": {"TestTriagePlan.test_valid_simple_plan": {"executed_lines": [21, 28, 29, 30], "summary": {"covered_lines": 4, "num_statements": 4, "percent_covered": 100.0, "percent_covered_display": "100", "missing_lines": 0, "excluded_lines": 0, "percent_statements_covered": 100.0, "percent_statements_covered_display": "100"}, "missing_lines": [], "excluded_lines": [], "start_line": 19}, "TestTriagePlan.test_empty_plan_fails": {"executed_lines": [34, 35, 36, 37], "summary": {"covered_lines": 4, "num_statements": 4, "percent_covered": 100.0, "percent_covered_display": "100", "missing_lines": 0, "excluded_lines": 0, "percent_statements_covered": 100.0, "percent_statements_covered_display": "100"}, "missing_lines": [], "excluded_lines": [], "start_line": 32}, "TestTriagePlan.test_plan_with_missing_execution_plan_key": {"executed_lines": [41, 42, 43, 44], "summary": {"covered_lines": 4, "num_statements": 4, "percent_covered": 100.0, "percent_covered_display": "100", "missing_lines": 0, "excluded_lines": 0, "percent_statements_covered": 100.0, "percent_statements_covered_display": "100"}, "missing_lines": [], "excluded_lines": [], "start_line": 39}, "TestTriagePlan.test_too_many_steps_fails": {"executed_lines": [48, 49, 50, 51, 52], "summary": {"covered_lines": 5, "num_statements": 5, "percent_covered": 100.0, "percent_covered_display": "100", "missing_lines": 0, "excluded_lines": 0, "percent_statements_covered": 100.0, "percent_statements_covered_display": "100"}, "missing_lines": [], "excluded_lines": [], "start_line": 46}, "TestTriagePlan.test_circular_dependency_fails": {"executed_lines": [56, 66, 67, 68], "summary": {"covered_lines": 4, "num_statements": 4, "percent_covered": 100.0, "percent_covered_display": "100", "missing_lines": 0, "excluded_lines": 0, "percent_statements_covered": 100.0, "percent_statements_covered_display": "100"}, "missing_lines": [], "excluded_lines": [], "start_line": 54}, "TestTriagePlan.test_multi_step_valid_plan": {"executed_lines": [72, 79, 80, 81], "summary": {"covered_lines": 4, "num_statements": 4, "percent_covered": 100.0, "percent_covered_display": "100", "missing_lines": 0, "excluded_lines": 0, "percent_statements_covered": 100.0, "percent_statements_covered_display": "100"}, "missing_lines": [], "excluded_lines": [], "start_line": 70}, "TestTriagePlan.test_unknown_tool_logged_but_passes": {"executed_lines": [85, 90, 92], "summary": {"covered_lines": 3, "num_statements": 3, "percent_covered": 100.0, "percent_covered_display": "100", "missing_lines": 0, "excluded_lines": 0, "percent_statements_covered": 100.0, "percent_statements_covered_display": "100"}, "missing_lines": [], "excluded_lines": [], "start_line": 83}, "TestTriagePlan.test_steps_key_alias": {"executed_lines": [96, 101, 102], "summary": {"covered_lines": 3, "num_statements": 3, "percent_covered": 100.0, "percent_covered_display": "100", "missing_lines": 0, "excluded_lines": 0, "percent_statements_covered": 100.0, "percent_statements_covered_display": "100"}, "missing_lines": [], "excluded_lines": [], "start_line": 94}, "TestPlanComplexityScore.test_simple_plan_low_score": {"executed_lines": [110, 115, 116], "summary": {"covered_lines": 3, "num_statements": 3, "percent_covered": 100.0, "percent_covered_display": "100", "missing_lines": 0, "excluded_lines": 0, "percent_statements_covered": 100.0, "percent_statements_covered_display": "100"}, "missing_lines": [], "excluded_lines": [], "start_line": 108}, "TestPlanComplexityScore.test_complex_plan_high_score": {"executed_lines": [120, 130, 131], "summary": {"covered_lines": 3, "num_statements": 3, "percent_covered": 100.0, "percent_covered_display": "100", "missing_lines": 0, "excluded_lines": 0, "percent_statements_covered": 100.0, "percent_statements_covered_display": "100"}, "missing_lines": [], "excluded_lines": [], "start_line": 118}, "TestPlanComplexityScore.test_empty_plan_minimal_score": {"executed_lines": [135, 136, 137], "summary": {"covered_lines": 3, "num_statements": 3, "percent_covered": 100.0, "percent_covered_display": "100", "missing_lines": 0, "excluded_lines": 0, "percent_statements_covered": 100.0, "percent_statements_covered_display": "100"}, "missing_lines": [], "excluded_lines": [], "start_line": 133}, "TestSummarizePlanForLogging.test_summary_contains_key_fields": {"executed_lines": [145, 153, 155, 156, 157, 158, 159, 160], "summary": {"covered_lines": 8, "num_statements": 8, "percent_covered": 100.0, "percent_covered_display": "100", "missing_lines": 0, "excluded_lines": 0, "percent_statements_covered": 100.0, "percent_statements_covered_display": "100"}, "missing_lines": [], "excluded_lines": [], "start_line": 143}, "TestSummarizePlanForLogging.test_summary_truncates_long_intent": {"executed_lines": [164, 165, 170, 171], "summary": {"covered_lines": 4, "num_statements": 4, "percent_covered": 100.0, "percent_covered_display": "100", "missing_lines": 0, "excluded_lines": 0, "percent_statements_covered": 100.0, "percent_statements_covered_display": "100"}, "missing_lines": [], "excluded_lines": [], "start_line": 162}, "TestKnownTools.test_task_tools_present": {"executed_lines": [179, 180, 181, 182, 183], "summary": {"covered_lines": 5, "num_statements": 5, "percent_covered": 100.0, "percent_covered_display": "100", "missing_lines": 0, "excluded_lines": 0, "percent_statements_covered": 100.0, "percent_statements_covered_display": "100"}, "missing_lines": [], "excluded_lines": [], "start_line": 177}, "TestKnownTools.test_journal_tools_present": {"executed_lines": [187, 188, 189], "summary": {"covered_lines": 3, "num_statements": 3, "percent_covered": 100.0, "percent_covered_display": "100", "missing_lines": 0, "excluded_lines": 0, "percent_statements_covered": 100.0, "percent_statements_covered_display": "100"}, "missing_lines": [], "excluded_lines": [], "start_line": 185}, "": {"executed_lines": [7, 8, 16, 19, 32, 39, 46, 54, 70, 83, 94, 105, 108, 118, 133, 140, 143, 162, 174, 177, 185], "summary": {"covered_lines": 21, "num_statements": 21, "percent_covered": 100.0, "percent_covered_display": "100", "missing_lines": 0, "excluded_lines": 0, "percent_statements_covered": 100.0, "percent_statements_covered_display": "100"}, "missing_lines": [], "excluded_lines": [], "start_line": 1}}, "classes": {"TestTriagePlan": {"executed_lines": [21, 28, 29, 30, 34, 35, 36, 37, 41, 42, 43, 44, 48, 49, 50, 51, 52, 56, 66, 67, 68, 72, 79, 80, 81, 85, 90, 92, 96, 101, 102], "summary": {"covered_lines": 31, "num_statements": 31, "percent_covered": 100.0, "percent_covered_display": "100", "missing_lines": 0, "excluded_lines": 0, "percent_statements_covered": 100.0, "percent_statements_covered_display": "100"}, "missing_lines": [], "excluded_lines": [], "start_line": 16}, "TestPlanComplexityScore": {"executed_lines": [110, 115, 116, 120, 130, 131, 135, 136, 137], "summary": {"covered_lines": 9, "num_statements": 9, "percent_covered": 100.0, "percent_covered_display": "100", "missing_lines": 0, "excluded_lines": 0, "percent_statements_covered": 100.0, "percent_statements_covered_display": "100"}, "missing_lines": [], "excluded_lines": [], "start_line": 105}, "TestSummarizePlanForLogging": {"executed_lines": [145, 153, 155, 156, 157, 158, 159, 160, 164, 165, 170, 171], "summary": {"covered_lines": 12, "num_statements": 12, "percent_covered": 100.0, "percent_covered_display": "100", "missing_lines": 0, "excluded_lines": 0, "percent_statements_covered": 100.0, "percent_statements_covered_display": "100"}, "missing_lines": [], "excluded_lines": [], "start_line": 140}, "TestKnownTools": {"executed_lines": [179, 180, 181, 182, 183, 187, 188, 189], "summary": {"covered_lines": 8, "num_statements": 8, "percent_covered": 100.0, "percent_covered_display": "100", "missing_lines": 0, "excluded_lines": 0, "percent_statements_covered": 100.0, "percent_statements_covered_display": "100"}, "missing_lines": [], "excluded_lines": [], "start_line": 174}, "": {"executed_lines": [7, 8, 16, 19, 32, 39, 46, 54, 70, 83, 94, 105, 108, 118, 133, 140, 143, 162, 174, 177, 185], "summary": {"covered_lines": 21, "num_statements": 21, "percent_covered": 100.0, "percent_covered_display": "100", "missing_lines": 0, "excluded_lines": 0, "percent_statements_covered": 100.0, "percent_statements_covered_display": "100"}, "missing_lines": [], "excluded_lines": [], "start_line": 1}}}, "jeeves_mission_system\\tests\\unit\\test_websocket_event_manager.py": {"executed_lines": [3, 4, 6, 8, 11, 14, 15, 17, 18, 21, 22, 23, 24, 26, 27, 29, 30, 32, 33, 34, 37, 38, 39, 40, 41, 43, 44, 46, 49, 50, 51, 52, 53, 55, 56, 57, 58, 60, 61], "summary": {"covered_lines": 39, "num_statements": 39, "percent_covered": 100.0, "percent_covered_display": "100", "missing_lines": 0, "excluded_lines": 0, "percent_statements_covered": 100.0, "percent_statements_covered_display": "100"}, "missing_lines": [], "excluded_lines": [], "functions": {"FakeWebSocket.__init__": {"executed_lines": [15], "summary": {"covered_lines": 1, "num_statements": 1, "percent_covered": 100.0, "percent_covered_display": "100", "missing_lines": 0, "excluded_lines": 0, "percent_statements_covered": 100.0, "percent_statements_covered_display": "100"}, "missing_lines": [], "excluded_lines": [], "start_line": 14}, "FakeWebSocket.send": {"executed_lines": [18], "summary": {"covered_lines": 1, "num_statements": 1, "percent_covered": 100.0, "percent_covered_display": "100", "missing_lines": 0, "excluded_lines": 0, "percent_statements_covered": 100.0, "percent_statements_covered_display": "100"}, "missing_lines": [], "excluded_lines": [], "start_line": 17}, "test_websocket_manager_requires_token": {"executed_lines": [23, 24, 26, 27, 29, 30, 32, 33, 34], "summary": {"covered_lines": 9, "num_statements": 9, "percent_covered": 100.0, "percent_covered_display": "100", "missing_lines": 0, "excluded_lines": 0, "percent_statements_covered": 100.0, "percent_statements_covered_display": "100"}, "missing_lines": [], "excluded_lines": [], "start_line": 22}, "test_websocket_manager_enforces_idle_timeout": {"executed_lines": [39, 40, 41, 43, 44, 46], "summary": {"covered_lines": 6, "num_statements": 6, "percent_covered": 100.0, "percent_covered_display": "100", "missing_lines": 0, "excluded_lines": 0, "percent_statements_covered": 100.0, "percent_statements_covered_display": "100"}, "missing_lines": [], "excluded_lines": [], "start_line": 38}, "test_websocket_heartbeat_refreshes_connection": {"executed_lines": [51, 52, 53, 55, 56, 57, 58, 60, 61], "summary": {"covered_lines": 9, "num_statements": 9, "percent_covered": 100.0, "percent_covered_display": "100", "missing_lines": 0, "excluded_lines": 0, "percent_statements_covered": 100.0, "percent_statements_covered_display": "100"}, "missing_lines": [], "excluded_lines": [], "start_line": 50}, "": {"executed_lines": [3, 4, 6, 8, 11, 14, 17, 21, 22, 37, 38, 49, 50], "summary": {"covered_lines": 13, "num_statements": 13, "percent_covered": 100.0, "percent_covered_display": "100", "missing_lines": 0, "excluded_lines": 0, "percent_statements_covered": 100.0, "percent_statements_covered_display": "100"}, "missing_lines": [], "excluded_lines": [], "start_line": 1}}, "classes": {"FakeWebSocket": {"executed_lines": [15, 18], "summary": {"covered_lines": 2, "num_statements": 2, "percent_covered": 100.0, "percent_covered_display": "100", "missing_lines": 0, "excluded_lines": 0, "percent_statements_covered": 100.0, "percent_statements_covered_display": "100"}, "missing_lines": [], "excluded_lines": [], "start_line": 11}, "": {"executed_lines": [3, 4, 6, 8, 11, 14, 17, 21, 22, 23, 24, 26, 27, 29, 30, 32, 33, 34, 37, 38, 39, 40, 41, 43, 44, 46, 49, 50, 51, 52, 53, 55, 56, 57, 58, 60, 61], "summary": {"covered_lines": 37, "num_statements": 37, "percent_covered": 100.0, "percent_covered_display": "100", "missing_lines": 0, "excluded_lines": 0, "percent_statements_covered": 100.0, "percent_statements_covered_display": "100"}, "missing_lines": [], "excluded_lines": [], "start_line": 1}}}, "jeeves_mission_system\\verticals\\__init__.py": {"executed_lines": [], "summary": {"covered_lines": 0, "num_statements": 2, "percent_covered": 0.0, "percent_covered_display": "0", "missing_lines": 2, "excluded_lines": 0, "percent_statements_covered": 0.0, "percent_statements_covered_display": "0"}, "missing_lines": [7, 16], "excluded_lines": [], "functions": {"": {"executed_lines": [], "summary": {"covered_lines": 0, "num_statements": 2, "percent_covered": 0.0, "percent_covered_display": "0", "missing_lines": 2, "excluded_lines": 0, "percent_statements_covered": 0.0, "percent_statements_covered_display": "0"}, "missing_lines": [7, 16], "excluded_lines": [], "start_line": 1}}, "classes": {"": {"executed_lines": [], "summary": {"covered_lines": 0, "num_statements": 2, "percent_covered": 0.0, "percent_covered_display": "0", "missing_lines": 2, "excluded_lines": 0, "percent_statements_covered": 0.0, "percent_statements_covered_display": "0"}, "missing_lines": [7, 16], "excluded_lines": [], "start_line": 1}}}, "jeeves_mission_system\\verticals\\registry.py": {"executed_lines": [], "summary": {"covered_lines": 0, "num_statements": 24, "percent_covered": 0.0, "percent_covered_display": "0", "missing_lines": 24, "excluded_lines": 0, "percent_statements_covered": 0.0, "percent_statements_covered_display": "0"}, "missing_lines": [10, 11, 14, 15, 17, 18, 19, 20, 23, 26, 28, 31, 33, 34, 35, 38, 40, 41, 42, 43, 46, 48, 51, 53], "excluded_lines": [], "functions": {"register": {"executed_lines": [], "summary": {"covered_lines": 0, "num_statements": 1, "percent_covered": 0.0, "percent_covered_display": "0", "missing_lines": 1, "excluded_lines": 0, "percent_statements_covered": 0.0, "percent_statements_covered_display": "0"}, "missing_lines": [28], "excluded_lines": [], "start_line": 26}, "get": {"executed_lines": [], "summary": {"covered_lines": 0, "num_statements": 3, "percent_covered": 0.0, "percent_covered_display": "0", "missing_lines": 3, "excluded_lines": 0, "percent_statements_covered": 0.0, "percent_statements_covered_display": "0"}, "missing_lines": [33, 34, 35], "excluded_lines": [], "start_line": 31}, "get_agent_class": {"executed_lines": [], "summary": {"covered_lines": 0, "num_statements": 4, "percent_covered": 0.0, "percent_covered_display": "0", "missing_lines": 4, "excluded_lines": 0, "percent_statements_covered": 0.0, "percent_statements_covered_display": "0"}, "missing_lines": [40, 41, 42, 43], "excluded_lines": [], "start_line": 38}, "list_verticals": {"executed_lines": [], "summary": {"covered_lines": 0, "num_statements": 1, "percent_covered": 0.0, "percent_covered_display": "0", "missing_lines": 1, "excluded_lines": 0, "percent_statements_covered": 0.0, "percent_statements_covered_display": "0"}, "missing_lines": [48], "excluded_lines": [], "start_line": 46}, "is_registered": {"executed_lines": [], "summary": {"covered_lines": 0, "num_statements": 1, "percent_covered": 0.0, "percent_covered_display": "0", "missing_lines": 1, "excluded_lines": 0, "percent_statements_covered": 0.0, "percent_statements_covered_display": "0"}, "missing_lines": [53], "excluded_lines": [], "start_line": 51}, "": {"executed_lines": [], "summary": {"covered_lines": 0, "num_statements": 14, "percent_covered": 0.0, "percent_covered_display": "0", "missing_lines": 14, "excluded_lines": 0, "percent_statements_covered": 0.0, "percent_statements_covered_display": "0"}, "missing_lines": [10, 11, 14, 15, 17, 18, 19, 20, 23, 26, 31, 38, 46, 51], "excluded_lines": [], "start_line": 1}}, "classes": {"Vertical": {"executed_lines": [], "summary": {"covered_lines": 0, "num_statements": 0, "percent_covered": 100.0, "percent_covered_display": "100", "missing_lines": 0, "excluded_lines": 0, "percent_statements_covered": 100.0, "percent_statements_covered_display": "100"}, "missing_lines": [], "excluded_lines": [], "start_line": 15}, "": {"executed_lines": [], "summary": {"covered_lines": 0, "num_statements": 24, "percent_covered": 0.0, "percent_covered_display": "0", "missing_lines": 24, "excluded_lines": 0, "percent_statements_covered": 0.0, "percent_statements_covered_display": "0"}, "missing_lines": [10, 11, 14, 15, 17, 18, 19, 20, 23, 26, 28, 31, 33, 34, 35, 38, 40, 41, 42, 43, 46, 48, 51, 53], "excluded_lines": [], "start_line": 1}}}}, "totals": {"covered_lines": 6094, "num_statements": 12304, "percent_covered": 49.52860858257477, "percent_covered_display": "50", "missing_lines": 6210, "excluded_lines": 71, "percent_statements_covered": 49.52860858257477, "percent_statements_covered_display": "50"}}